{"/Users/mini/Documents/Projects/ProjectReminder/public/js/api.js": {"path":"/Users/mini/Documents/Projects/ProjectReminder/public/js/api.js","statementMap":{"0":{"start":{"line":6,"column":12},"end":{"line":474,"column":4}},"1":{"start":{"line":9,"column":17},"end":{"line":9,"column":21}},"2":{"start":{"line":15,"column":8},"end":{"line":15,"column":44}},"3":{"start":{"line":16,"column":8},"end":{"line":16,"column":22}},"4":{"start":{"line":23,"column":8},"end":{"line":32,"column":9}},"5":{"start":{"line":25,"column":32},"end":{"line":25,"column":72}},"6":{"start":{"line":26,"column":12},"end":{"line":29,"column":13}},"7":{"start":{"line":27,"column":37},"end":{"line":27,"column":60}},"8":{"start":{"line":28,"column":16},"end":{"line":28,"column":118}},"9":{"start":{"line":30,"column":12},"end":{"line":30,"column":92}},"10":{"start":{"line":31,"column":12},"end":{"line":31,"column":52}},"11":{"start":{"line":33,"column":8},"end":{"line":33,"column":92}},"12":{"start":{"line":40,"column":24},"end":{"line":42,"column":9}},"13":{"start":{"line":43,"column":8},"end":{"line":45,"column":9}},"14":{"start":{"line":44,"column":12},"end":{"line":44,"column":68}},"15":{"start":{"line":46,"column":8},"end":{"line":46,"column":23}},"16":{"start":{"line":55,"column":8},"end":{"line":55,"column":31}},"17":{"start":{"line":55,"column":19},"end":{"line":55,"column":31}},"18":{"start":{"line":58,"column":8},"end":{"line":60,"column":9}},"19":{"start":{"line":59,"column":12},"end":{"line":59,"column":32}},"20":{"start":{"line":62,"column":8},"end":{"line":62,"column":20}},"21":{"start":{"line":73,"column":20},"end":{"line":73,"column":45}},"22":{"start":{"line":74,"column":24},"end":{"line":77,"column":9}},"23":{"start":{"line":79,"column":8},"end":{"line":81,"column":9}},"24":{"start":{"line":80,"column":12},"end":{"line":80,"column":48}},"25":{"start":{"line":83,"column":8},"end":{"line":99,"column":9}},"26":{"start":{"line":84,"column":29},"end":{"line":84,"column":63}},"27":{"start":{"line":87,"column":12},"end":{"line":89,"column":13}},"28":{"start":{"line":88,"column":16},"end":{"line":88,"column":28}},"29":{"start":{"line":92,"column":29},"end":{"line":92,"column":58}},"30":{"start":{"line":93,"column":12},"end":{"line":93,"column":28}},"31":{"start":{"line":96,"column":28},"end":{"line":96,"column":53}},"32":{"start":{"line":97,"column":12},"end":{"line":97,"column":64}},"33":{"start":{"line":98,"column":12},"end":{"line":98,"column":24}},"34":{"start":{"line":108,"column":8},"end":{"line":128,"column":9}},"35":{"start":{"line":110,"column":27},"end":{"line":110,"column":48}},"36":{"start":{"line":111,"column":12},"end":{"line":111,"column":72}},"37":{"start":{"line":111,"column":32},"end":{"line":111,"column":72}},"38":{"start":{"line":112,"column":12},"end":{"line":112,"column":78}},"39":{"start":{"line":112,"column":34},"end":{"line":112,"column":78}},"40":{"start":{"line":113,"column":12},"end":{"line":113,"column":78}},"41":{"start":{"line":113,"column":34},"end":{"line":113,"column":78}},"42":{"start":{"line":115,"column":32},"end":{"line":115,"column":49}},"43":{"start":{"line":116,"column":25},"end":{"line":116,"column":81}},"44":{"start":{"line":118,"column":29},"end":{"line":118,"column":55}},"45":{"start":{"line":122,"column":12},"end":{"line":122,"column":39}},"46":{"start":{"line":125,"column":28},"end":{"line":125,"column":53}},"47":{"start":{"line":126,"column":12},"end":{"line":126,"column":62}},"48":{"start":{"line":127,"column":12},"end":{"line":127,"column":24}},"49":{"start":{"line":137,"column":8},"end":{"line":149,"column":9}},"50":{"start":{"line":138,"column":29},"end":{"line":138,"column":69}},"51":{"start":{"line":139,"column":12},"end":{"line":139,"column":28}},"52":{"start":{"line":142,"column":12},"end":{"line":144,"column":13}},"53":{"start":{"line":143,"column":16},"end":{"line":143,"column":28}},"54":{"start":{"line":146,"column":28},"end":{"line":146,"column":53}},"55":{"start":{"line":147,"column":12},"end":{"line":147,"column":61}},"56":{"start":{"line":148,"column":12},"end":{"line":148,"column":24}},"57":{"start":{"line":158,"column":8},"end":{"line":179,"column":9}},"58":{"start":{"line":160,"column":35},"end":{"line":163,"column":13}},"59":{"start":{"line":165,"column":29},"end":{"line":165,"column":80}},"60":{"start":{"line":168,"column":12},"end":{"line":170,"column":13}},"61":{"start":{"line":169,"column":16},"end":{"line":169,"column":80}},"62":{"start":{"line":172,"column":12},"end":{"line":172,"column":45}},"63":{"start":{"line":173,"column":12},"end":{"line":173,"column":28}},"64":{"start":{"line":176,"column":28},"end":{"line":176,"column":53}},"65":{"start":{"line":177,"column":12},"end":{"line":177,"column":63}},"66":{"start":{"line":178,"column":12},"end":{"line":178,"column":24}},"67":{"start":{"line":189,"column":8},"end":{"line":210,"column":9}},"68":{"start":{"line":191,"column":35},"end":{"line":194,"column":13}},"69":{"start":{"line":196,"column":29},"end":{"line":196,"column":87}},"70":{"start":{"line":199,"column":12},"end":{"line":201,"column":13}},"71":{"start":{"line":200,"column":16},"end":{"line":200,"column":86}},"72":{"start":{"line":203,"column":12},"end":{"line":203,"column":45}},"73":{"start":{"line":204,"column":12},"end":{"line":204,"column":28}},"74":{"start":{"line":207,"column":28},"end":{"line":207,"column":53}},"75":{"start":{"line":208,"column":12},"end":{"line":208,"column":63}},"76":{"start":{"line":209,"column":12},"end":{"line":209,"column":24}},"77":{"start":{"line":219,"column":8},"end":{"line":234,"column":9}},"78":{"start":{"line":220,"column":12},"end":{"line":220,"column":56}},"79":{"start":{"line":223,"column":12},"end":{"line":225,"column":13}},"80":{"start":{"line":224,"column":16},"end":{"line":224,"column":67}},"81":{"start":{"line":227,"column":12},"end":{"line":227,"column":45}},"82":{"start":{"line":228,"column":12},"end":{"line":228,"column":24}},"83":{"start":{"line":231,"column":28},"end":{"line":231,"column":53}},"84":{"start":{"line":232,"column":12},"end":{"line":232,"column":63}},"85":{"start":{"line":233,"column":12},"end":{"line":233,"column":24}},"86":{"start":{"line":244,"column":8},"end":{"line":254,"column":9}},"87":{"start":{"line":246,"column":29},"end":{"line":246,"column":96}},"88":{"start":{"line":247,"column":12},"end":{"line":247,"column":47}},"89":{"start":{"line":248,"column":12},"end":{"line":248,"column":28}},"90":{"start":{"line":251,"column":28},"end":{"line":251,"column":53}},"91":{"start":{"line":252,"column":12},"end":{"line":252,"column":65}},"92":{"start":{"line":253,"column":12},"end":{"line":253,"column":24}},"93":{"start":{"line":262,"column":8},"end":{"line":294,"column":9}},"94":{"start":{"line":264,"column":29},"end":{"line":264,"column":78}},"95":{"start":{"line":265,"column":30},"end":{"line":265,"column":49}},"96":{"start":{"line":267,"column":26},"end":{"line":267,"column":64}},"97":{"start":{"line":270,"column":28},"end":{"line":270,"column":30}},"98":{"start":{"line":271,"column":35},"end":{"line":271,"column":37}},"99":{"start":{"line":272,"column":29},"end":{"line":272,"column":31}},"100":{"start":{"line":274,"column":12},"end":{"line":282,"column":15}},"101":{"start":{"line":275,"column":16},"end":{"line":281,"column":17}},"102":{"start":{"line":276,"column":20},"end":{"line":276,"column":37}},"103":{"start":{"line":277,"column":23},"end":{"line":281,"column":17}},"104":{"start":{"line":278,"column":20},"end":{"line":278,"column":36}},"105":{"start":{"line":279,"column":23},"end":{"line":281,"column":17}},"106":{"start":{"line":280,"column":20},"end":{"line":280,"column":43}},"107":{"start":{"line":284,"column":12},"end":{"line":288,"column":14}},"108":{"start":{"line":291,"column":28},"end":{"line":291,"column":53}},"109":{"start":{"line":292,"column":12},"end":{"line":292,"column":70}},"110":{"start":{"line":293,"column":12},"end":{"line":293,"column":24}},"111":{"start":{"line":302,"column":8},"end":{"line":344,"column":9}},"112":{"start":{"line":304,"column":29},"end":{"line":304,"column":78}},"113":{"start":{"line":305,"column":30},"end":{"line":305,"column":49}},"114":{"start":{"line":307,"column":26},"end":{"line":307,"column":64}},"115":{"start":{"line":308,"column":29},"end":{"line":308,"column":39}},"116":{"start":{"line":309,"column":12},"end":{"line":309,"column":53}},"117":{"start":{"line":310,"column":32},"end":{"line":310,"column":68}},"118":{"start":{"line":313,"column":29},"end":{"line":318,"column":14}},"119":{"start":{"line":314,"column":16},"end":{"line":314,"column":46}},"120":{"start":{"line":314,"column":33},"end":{"line":314,"column":46}},"121":{"start":{"line":315,"column":16},"end":{"line":315,"column":54}},"122":{"start":{"line":315,"column":41},"end":{"line":315,"column":54}},"123":{"start":{"line":316,"column":16},"end":{"line":316,"column":59}},"124":{"start":{"line":316,"column":47},"end":{"line":316,"column":59}},"125":{"start":{"line":317,"column":16},"end":{"line":317,"column":29}},"126":{"start":{"line":321,"column":12},"end":{"line":336,"column":15}},"127":{"start":{"line":322,"column":33},"end":{"line":322,"column":69}},"128":{"start":{"line":323,"column":16},"end":{"line":323,"column":52}},"129":{"start":{"line":323,"column":36},"end":{"line":323,"column":52}},"130":{"start":{"line":326,"column":38},"end":{"line":326,"column":99}},"131":{"start":{"line":327,"column":37},"end":{"line":327,"column":90}},"132":{"start":{"line":328,"column":16},"end":{"line":328,"column":60}},"133":{"start":{"line":328,"column":40},"end":{"line":328,"column":60}},"134":{"start":{"line":331,"column":16},"end":{"line":333,"column":17}},"135":{"start":{"line":332,"column":20},"end":{"line":332,"column":64}},"136":{"start":{"line":335,"column":16},"end":{"line":335,"column":25}},"137":{"start":{"line":338,"column":12},"end":{"line":338,"column":28}},"138":{"start":{"line":341,"column":28},"end":{"line":341,"column":53}},"139":{"start":{"line":342,"column":12},"end":{"line":342,"column":71}},"140":{"start":{"line":343,"column":12},"end":{"line":343,"column":24}},"141":{"start":{"line":352,"column":8},"end":{"line":384,"column":9}},"142":{"start":{"line":354,"column":29},"end":{"line":354,"column":78}},"143":{"start":{"line":355,"column":30},"end":{"line":355,"column":49}},"144":{"start":{"line":357,"column":26},"end":{"line":357,"column":64}},"145":{"start":{"line":358,"column":29},"end":{"line":358,"column":39}},"146":{"start":{"line":359,"column":12},"end":{"line":359,"column":53}},"147":{"start":{"line":360,"column":32},"end":{"line":360,"column":68}},"148":{"start":{"line":363,"column":27},"end":{"line":367,"column":14}},"149":{"start":{"line":364,"column":16},"end":{"line":364,"column":46}},"150":{"start":{"line":364,"column":33},"end":{"line":364,"column":46}},"151":{"start":{"line":365,"column":16},"end":{"line":365,"column":60}},"152":{"start":{"line":365,"column":47},"end":{"line":365,"column":60}},"153":{"start":{"line":366,"column":16},"end":{"line":366,"column":28}},"154":{"start":{"line":370,"column":12},"end":{"line":376,"column":15}},"155":{"start":{"line":371,"column":33},"end":{"line":371,"column":69}},"156":{"start":{"line":372,"column":16},"end":{"line":372,"column":52}},"157":{"start":{"line":372,"column":36},"end":{"line":372,"column":52}},"158":{"start":{"line":374,"column":38},"end":{"line":374,"column":99}},"159":{"start":{"line":375,"column":16},"end":{"line":375,"column":77}},"160":{"start":{"line":378,"column":12},"end":{"line":378,"column":26}},"161":{"start":{"line":381,"column":28},"end":{"line":381,"column":53}},"162":{"start":{"line":382,"column":12},"end":{"line":382,"column":69}},"163":{"start":{"line":383,"column":12},"end":{"line":383,"column":24}},"164":{"start":{"line":392,"column":8},"end":{"line":399,"column":9}},"165":{"start":{"line":393,"column":29},"end":{"line":393,"column":60}},"166":{"start":{"line":394,"column":12},"end":{"line":394,"column":28}},"167":{"start":{"line":396,"column":28},"end":{"line":396,"column":53}},"168":{"start":{"line":397,"column":12},"end":{"line":397,"column":57}},"169":{"start":{"line":398,"column":12},"end":{"line":398,"column":24}},"170":{"start":{"line":410,"column":25},"end":{"line":410,"column":38}},"171":{"start":{"line":411,"column":20},"end":{"line":411,"column":96}},"172":{"start":{"line":413,"column":25},"end":{"line":416,"column":10}},"173":{"start":{"line":418,"column":8},"end":{"line":421,"column":9}},"174":{"start":{"line":419,"column":26},"end":{"line":419,"column":47}},"175":{"start":{"line":420,"column":12},"end":{"line":420,"column":78}},"176":{"start":{"line":423,"column":23},"end":{"line":423,"column":44}},"177":{"start":{"line":424,"column":8},"end":{"line":424,"column":33}},"178":{"start":{"line":433,"column":25},"end":{"line":433,"column":39}},"179":{"start":{"line":434,"column":8},"end":{"line":434,"column":62}},"180":{"start":{"line":436,"column":8},"end":{"line":454,"column":9}},"181":{"start":{"line":437,"column":29},"end":{"line":443,"column":14}},"182":{"start":{"line":445,"column":12},"end":{"line":448,"column":13}},"183":{"start":{"line":446,"column":34},"end":{"line":446,"column":73}},"184":{"start":{"line":446,"column":69},"end":{"line":446,"column":71}},"185":{"start":{"line":447,"column":16},"end":{"line":447,"column":97}},"186":{"start":{"line":450,"column":12},"end":{"line":450,"column":41}},"187":{"start":{"line":452,"column":12},"end":{"line":452,"column":57}},"188":{"start":{"line":453,"column":12},"end":{"line":453,"column":24}},"189":{"start":{"line":458,"column":4},"end":{"line":473,"column":6}},"190":{"start":{"line":477,"column":0},"end":{"line":477,"column":17}}},"fnMap":{"0":{"name":"(anonymous_0)","decl":{"start":{"line":6,"column":13},"end":{"line":6,"column":14}},"loc":{"start":{"line":6,"column":24},"end":{"line":474,"column":1}},"line":6},"1":{"name":"init","decl":{"start":{"line":14,"column":19},"end":{"line":14,"column":23}},"loc":{"start":{"line":14,"column":26},"end":{"line":17,"column":5}},"line":14},"2":{"name":"getEndpoint","decl":{"start":{"line":22,"column":13},"end":{"line":22,"column":24}},"loc":{"start":{"line":22,"column":27},"end":{"line":34,"column":5}},"line":22},"3":{"name":"getHeaders","decl":{"start":{"line":39,"column":13},"end":{"line":39,"column":23}},"loc":{"start":{"line":39,"column":26},"end":{"line":47,"column":5}},"line":39},"4":{"name":"normalizeTimeFormat","decl":{"start":{"line":54,"column":13},"end":{"line":54,"column":32}},"loc":{"start":{"line":54,"column":39},"end":{"line":63,"column":5}},"line":54},"5":{"name":"request","decl":{"start":{"line":72,"column":19},"end":{"line":72,"column":26}},"loc":{"start":{"line":72,"column":54},"end":{"line":100,"column":5}},"line":72},"6":{"name":"getReminders","decl":{"start":{"line":107,"column":19},"end":{"line":107,"column":31}},"loc":{"start":{"line":107,"column":46},"end":{"line":129,"column":5}},"line":107},"7":{"name":"getReminder","decl":{"start":{"line":136,"column":19},"end":{"line":136,"column":30}},"loc":{"start":{"line":136,"column":35},"end":{"line":150,"column":5}},"line":136},"8":{"name":"createReminder","decl":{"start":{"line":157,"column":19},"end":{"line":157,"column":33}},"loc":{"start":{"line":157,"column":40},"end":{"line":180,"column":5}},"line":157},"9":{"name":"updateReminder","decl":{"start":{"line":188,"column":19},"end":{"line":188,"column":33}},"loc":{"start":{"line":188,"column":44},"end":{"line":211,"column":5}},"line":188},"10":{"name":"deleteReminder","decl":{"start":{"line":218,"column":19},"end":{"line":218,"column":33}},"loc":{"start":{"line":218,"column":38},"end":{"line":235,"column":5}},"line":218},"11":{"name":"completeReminder","decl":{"start":{"line":243,"column":19},"end":{"line":243,"column":35}},"loc":{"start":{"line":243,"column":40},"end":{"line":255,"column":5}},"line":243},"12":{"name":"getTodayReminders","decl":{"start":{"line":261,"column":19},"end":{"line":261,"column":36}},"loc":{"start":{"line":261,"column":39},"end":{"line":295,"column":5}},"line":261},"13":{"name":"(anonymous_13)","decl":{"start":{"line":274,"column":30},"end":{"line":274,"column":31}},"loc":{"start":{"line":274,"column":35},"end":{"line":282,"column":13}},"line":274},"14":{"name":"getUpcomingReminders","decl":{"start":{"line":301,"column":19},"end":{"line":301,"column":39}},"loc":{"start":{"line":301,"column":42},"end":{"line":345,"column":5}},"line":301},"15":{"name":"(anonymous_15)","decl":{"start":{"line":313,"column":46},"end":{"line":313,"column":47}},"loc":{"start":{"line":313,"column":51},"end":{"line":318,"column":13}},"line":313},"16":{"name":"(anonymous_16)","decl":{"start":{"line":321,"column":26},"end":{"line":321,"column":27}},"loc":{"start":{"line":321,"column":36},"end":{"line":336,"column":13}},"line":321},"17":{"name":"getFutureReminders","decl":{"start":{"line":351,"column":19},"end":{"line":351,"column":37}},"loc":{"start":{"line":351,"column":40},"end":{"line":385,"column":5}},"line":351},"18":{"name":"(anonymous_18)","decl":{"start":{"line":363,"column":44},"end":{"line":363,"column":45}},"loc":{"start":{"line":363,"column":49},"end":{"line":367,"column":13}},"line":363},"19":{"name":"(anonymous_19)","decl":{"start":{"line":370,"column":24},"end":{"line":370,"column":25}},"loc":{"start":{"line":370,"column":34},"end":{"line":376,"column":13}},"line":370},"20":{"name":"healthCheck","decl":{"start":{"line":391,"column":19},"end":{"line":391,"column":30}},"loc":{"start":{"line":391,"column":33},"end":{"line":400,"column":5}},"line":391},"21":{"name":"getNearbyReminders","decl":{"start":{"line":409,"column":19},"end":{"line":409,"column":37}},"loc":{"start":{"line":409,"column":63},"end":{"line":425,"column":5}},"line":409},"22":{"name":"transcribeAudio","decl":{"start":{"line":432,"column":19},"end":{"line":432,"column":34}},"loc":{"start":{"line":432,"column":46},"end":{"line":455,"column":5}},"line":432},"23":{"name":"(anonymous_23)","decl":{"start":{"line":446,"column":62},"end":{"line":446,"column":63}},"loc":{"start":{"line":446,"column":69},"end":{"line":446,"column":71}},"line":446}},"branchMap":{"0":{"loc":{"start":{"line":23,"column":8},"end":{"line":32,"column":9}},"type":"if","locations":[{"start":{"line":23,"column":8},"end":{"line":32,"column":9}},{"start":{},"end":{}}],"line":23},"1":{"loc":{"start":{"line":26,"column":12},"end":{"line":29,"column":13}},"type":"if","locations":[{"start":{"line":26,"column":12},"end":{"line":29,"column":13}},{"start":{},"end":{}}],"line":26},"2":{"loc":{"start":{"line":28,"column":23},"end":{"line":28,"column":117}},"type":"cond-expr","locations":[{"start":{"line":28,"column":52},"end":{"line":28,"column":83}},{"start":{"line":28,"column":86},"end":{"line":28,"column":117}}],"line":28},"3":{"loc":{"start":{"line":33,"column":15},"end":{"line":33,"column":91}},"type":"cond-expr","locations":[{"start":{"line":33,"column":38},"end":{"line":33,"column":63}},{"start":{"line":33,"column":66},"end":{"line":33,"column":91}}],"line":33},"4":{"loc":{"start":{"line":43,"column":8},"end":{"line":45,"column":9}},"type":"if","locations":[{"start":{"line":43,"column":8},"end":{"line":45,"column":9}},{"start":{},"end":{}}],"line":43},"5":{"loc":{"start":{"line":43,"column":12},"end":{"line":43,"column":38}},"type":"binary-expr","locations":[{"start":{"line":43,"column":12},"end":{"line":43,"column":18}},{"start":{"line":43,"column":22},"end":{"line":43,"column":38}}],"line":43},"6":{"loc":{"start":{"line":55,"column":8},"end":{"line":55,"column":31}},"type":"if","locations":[{"start":{"line":55,"column":8},"end":{"line":55,"column":31}},{"start":{},"end":{}}],"line":55},"7":{"loc":{"start":{"line":58,"column":8},"end":{"line":60,"column":9}},"type":"if","locations":[{"start":{"line":58,"column":8},"end":{"line":60,"column":9}},{"start":{},"end":{}}],"line":58},"8":{"loc":{"start":{"line":72,"column":41},"end":{"line":72,"column":52}},"type":"default-arg","locations":[{"start":{"line":72,"column":48},"end":{"line":72,"column":52}}],"line":72},"9":{"loc":{"start":{"line":79,"column":8},"end":{"line":81,"column":9}},"type":"if","locations":[{"start":{"line":79,"column":8},"end":{"line":81,"column":9}},{"start":{},"end":{}}],"line":79},"10":{"loc":{"start":{"line":87,"column":12},"end":{"line":89,"column":13}},"type":"if","locations":[{"start":{"line":87,"column":12},"end":{"line":89,"column":13}},{"start":{},"end":{}}],"line":87},"11":{"loc":{"start":{"line":107,"column":32},"end":{"line":107,"column":44}},"type":"default-arg","locations":[{"start":{"line":107,"column":42},"end":{"line":107,"column":44}}],"line":107},"12":{"loc":{"start":{"line":111,"column":12},"end":{"line":111,"column":72}},"type":"if","locations":[{"start":{"line":111,"column":12},"end":{"line":111,"column":72}},{"start":{},"end":{}}],"line":111},"13":{"loc":{"start":{"line":112,"column":12},"end":{"line":112,"column":78}},"type":"if","locations":[{"start":{"line":112,"column":12},"end":{"line":112,"column":78}},{"start":{},"end":{}}],"line":112},"14":{"loc":{"start":{"line":113,"column":12},"end":{"line":113,"column":78}},"type":"if","locations":[{"start":{"line":113,"column":12},"end":{"line":113,"column":78}},{"start":{},"end":{}}],"line":113},"15":{"loc":{"start":{"line":116,"column":25},"end":{"line":116,"column":81}},"type":"cond-expr","locations":[{"start":{"line":116,"column":39},"end":{"line":116,"column":66}},{"start":{"line":116,"column":69},"end":{"line":116,"column":81}}],"line":116},"16":{"loc":{"start":{"line":122,"column":19},"end":{"line":122,"column":38}},"type":"binary-expr","locations":[{"start":{"line":122,"column":19},"end":{"line":122,"column":32}},{"start":{"line":122,"column":36},"end":{"line":122,"column":38}}],"line":122},"17":{"loc":{"start":{"line":142,"column":12},"end":{"line":144,"column":13}},"type":"if","locations":[{"start":{"line":142,"column":12},"end":{"line":144,"column":13}},{"start":{},"end":{}}],"line":142},"18":{"loc":{"start":{"line":168,"column":12},"end":{"line":170,"column":13}},"type":"if","locations":[{"start":{"line":168,"column":12},"end":{"line":170,"column":13}},{"start":{},"end":{}}],"line":168},"19":{"loc":{"start":{"line":168,"column":16},"end":{"line":168,"column":49}},"type":"binary-expr","locations":[{"start":{"line":168,"column":16},"end":{"line":168,"column":34}},{"start":{"line":168,"column":38},"end":{"line":168,"column":49}}],"line":168},"20":{"loc":{"start":{"line":193,"column":26},"end":{"line":193,"column":92}},"type":"cond-expr","locations":[{"start":{"line":193,"column":42},"end":{"line":193,"column":76}},{"start":{"line":193,"column":79},"end":{"line":193,"column":92}}],"line":193},"21":{"loc":{"start":{"line":199,"column":12},"end":{"line":201,"column":13}},"type":"if","locations":[{"start":{"line":199,"column":12},"end":{"line":201,"column":13}},{"start":{},"end":{}}],"line":199},"22":{"loc":{"start":{"line":199,"column":16},"end":{"line":199,"column":49}},"type":"binary-expr","locations":[{"start":{"line":199,"column":16},"end":{"line":199,"column":34}},{"start":{"line":199,"column":38},"end":{"line":199,"column":49}}],"line":199},"23":{"loc":{"start":{"line":223,"column":12},"end":{"line":225,"column":13}},"type":"if","locations":[{"start":{"line":223,"column":12},"end":{"line":225,"column":13}},{"start":{},"end":{}}],"line":223},"24":{"loc":{"start":{"line":265,"column":30},"end":{"line":265,"column":49}},"type":"binary-expr","locations":[{"start":{"line":265,"column":30},"end":{"line":265,"column":43}},{"start":{"line":265,"column":47},"end":{"line":265,"column":49}}],"line":265},"25":{"loc":{"start":{"line":275,"column":16},"end":{"line":281,"column":17}},"type":"if","locations":[{"start":{"line":275,"column":16},"end":{"line":281,"column":17}},{"start":{"line":277,"column":23},"end":{"line":281,"column":17}}],"line":275},"26":{"loc":{"start":{"line":277,"column":23},"end":{"line":281,"column":17}},"type":"if","locations":[{"start":{"line":277,"column":23},"end":{"line":281,"column":17}},{"start":{"line":279,"column":23},"end":{"line":281,"column":17}}],"line":277},"27":{"loc":{"start":{"line":279,"column":23},"end":{"line":281,"column":17}},"type":"if","locations":[{"start":{"line":279,"column":23},"end":{"line":281,"column":17}},{"start":{},"end":{}}],"line":279},"28":{"loc":{"start":{"line":305,"column":30},"end":{"line":305,"column":49}},"type":"binary-expr","locations":[{"start":{"line":305,"column":30},"end":{"line":305,"column":43}},{"start":{"line":305,"column":47},"end":{"line":305,"column":49}}],"line":305},"29":{"loc":{"start":{"line":314,"column":16},"end":{"line":314,"column":46}},"type":"if","locations":[{"start":{"line":314,"column":16},"end":{"line":314,"column":46}},{"start":{},"end":{}}],"line":314},"30":{"loc":{"start":{"line":315,"column":16},"end":{"line":315,"column":54}},"type":"if","locations":[{"start":{"line":315,"column":16},"end":{"line":315,"column":54}},{"start":{},"end":{}}],"line":315},"31":{"loc":{"start":{"line":316,"column":16},"end":{"line":316,"column":59}},"type":"if","locations":[{"start":{"line":316,"column":16},"end":{"line":316,"column":59}},{"start":{},"end":{}}],"line":316},"32":{"loc":{"start":{"line":323,"column":16},"end":{"line":323,"column":52}},"type":"if","locations":[{"start":{"line":323,"column":16},"end":{"line":323,"column":52}},{"start":{},"end":{}}],"line":323},"33":{"loc":{"start":{"line":328,"column":16},"end":{"line":328,"column":60}},"type":"if","locations":[{"start":{"line":328,"column":16},"end":{"line":328,"column":60}},{"start":{},"end":{}}],"line":328},"34":{"loc":{"start":{"line":331,"column":16},"end":{"line":333,"column":17}},"type":"if","locations":[{"start":{"line":331,"column":16},"end":{"line":333,"column":17}},{"start":{},"end":{}}],"line":331},"35":{"loc":{"start":{"line":331,"column":20},"end":{"line":331,"column":44}},"type":"binary-expr","locations":[{"start":{"line":331,"column":20},"end":{"line":331,"column":30}},{"start":{"line":331,"column":34},"end":{"line":331,"column":44}}],"line":331},"36":{"loc":{"start":{"line":355,"column":30},"end":{"line":355,"column":49}},"type":"binary-expr","locations":[{"start":{"line":355,"column":30},"end":{"line":355,"column":43}},{"start":{"line":355,"column":47},"end":{"line":355,"column":49}}],"line":355},"37":{"loc":{"start":{"line":364,"column":16},"end":{"line":364,"column":46}},"type":"if","locations":[{"start":{"line":364,"column":16},"end":{"line":364,"column":46}},{"start":{},"end":{}}],"line":364},"38":{"loc":{"start":{"line":365,"column":16},"end":{"line":365,"column":60}},"type":"if","locations":[{"start":{"line":365,"column":16},"end":{"line":365,"column":60}},{"start":{},"end":{}}],"line":365},"39":{"loc":{"start":{"line":372,"column":16},"end":{"line":372,"column":52}},"type":"if","locations":[{"start":{"line":372,"column":16},"end":{"line":372,"column":52}},{"start":{},"end":{}}],"line":372},"40":{"loc":{"start":{"line":409,"column":48},"end":{"line":409,"column":61}},"type":"default-arg","locations":[{"start":{"line":409,"column":57},"end":{"line":409,"column":61}}],"line":409},"41":{"loc":{"start":{"line":418,"column":8},"end":{"line":421,"column":9}},"type":"if","locations":[{"start":{"line":418,"column":8},"end":{"line":421,"column":9}},{"start":{},"end":{}}],"line":418},"42":{"loc":{"start":{"line":420,"column":28},"end":{"line":420,"column":76}},"type":"binary-expr","locations":[{"start":{"line":420,"column":28},"end":{"line":420,"column":40}},{"start":{"line":420,"column":44},"end":{"line":420,"column":76}}],"line":420},"43":{"loc":{"start":{"line":424,"column":15},"end":{"line":424,"column":32}},"type":"binary-expr","locations":[{"start":{"line":424,"column":15},"end":{"line":424,"column":26}},{"start":{"line":424,"column":30},"end":{"line":424,"column":32}}],"line":424},"44":{"loc":{"start":{"line":445,"column":12},"end":{"line":448,"column":13}},"type":"if","locations":[{"start":{"line":445,"column":12},"end":{"line":448,"column":13}},{"start":{},"end":{}}],"line":445},"45":{"loc":{"start":{"line":447,"column":32},"end":{"line":447,"column":95}},"type":"binary-expr","locations":[{"start":{"line":447,"column":32},"end":{"line":447,"column":48}},{"start":{"line":447,"column":52},"end":{"line":447,"column":95}}],"line":447}},"s":{"0":0,"1":0,"2":0,"3":0,"4":0,"5":0,"6":0,"7":0,"8":0,"9":0,"10":0,"11":0,"12":0,"13":0,"14":0,"15":0,"16":0,"17":0,"18":0,"19":0,"20":0,"21":0,"22":0,"23":0,"24":0,"25":0,"26":0,"27":0,"28":0,"29":0,"30":0,"31":0,"32":0,"33":0,"34":0,"35":0,"36":0,"37":0,"38":0,"39":0,"40":0,"41":0,"42":0,"43":0,"44":0,"45":0,"46":0,"47":0,"48":0,"49":0,"50":0,"51":0,"52":0,"53":0,"54":0,"55":0,"56":0,"57":0,"58":0,"59":0,"60":0,"61":0,"62":0,"63":0,"64":0,"65":0,"66":0,"67":0,"68":0,"69":0,"70":0,"71":0,"72":0,"73":0,"74":0,"75":0,"76":0,"77":0,"78":0,"79":0,"80":0,"81":0,"82":0,"83":0,"84":0,"85":0,"86":0,"87":0,"88":0,"89":0,"90":0,"91":0,"92":0,"93":0,"94":0,"95":0,"96":0,"97":0,"98":0,"99":0,"100":0,"101":0,"102":0,"103":0,"104":0,"105":0,"106":0,"107":0,"108":0,"109":0,"110":0,"111":0,"112":0,"113":0,"114":0,"115":0,"116":0,"117":0,"118":0,"119":0,"120":0,"121":0,"122":0,"123":0,"124":0,"125":0,"126":0,"127":0,"128":0,"129":0,"130":0,"131":0,"132":0,"133":0,"134":0,"135":0,"136":0,"137":0,"138":0,"139":0,"140":0,"141":0,"142":0,"143":0,"144":0,"145":0,"146":0,"147":0,"148":0,"149":0,"150":0,"151":0,"152":0,"153":0,"154":0,"155":0,"156":0,"157":0,"158":0,"159":0,"160":0,"161":0,"162":0,"163":0,"164":0,"165":0,"166":0,"167":0,"168":0,"169":0,"170":0,"171":0,"172":0,"173":0,"174":0,"175":0,"176":0,"177":0,"178":0,"179":0,"180":0,"181":0,"182":0,"183":0,"184":0,"185":0,"186":0,"187":0,"188":0,"189":0,"190":0},"f":{"0":0,"1":0,"2":0,"3":0,"4":0,"5":0,"6":0,"7":0,"8":0,"9":0,"10":0,"11":0,"12":0,"13":0,"14":0,"15":0,"16":0,"17":0,"18":0,"19":0,"20":0,"21":0,"22":0,"23":0},"b":{"0":[0,0],"1":[0,0],"2":[0,0],"3":[0,0],"4":[0,0],"5":[0,0],"6":[0,0],"7":[0,0],"8":[0],"9":[0,0],"10":[0,0],"11":[0],"12":[0,0],"13":[0,0],"14":[0,0],"15":[0,0],"16":[0,0],"17":[0,0],"18":[0,0],"19":[0,0],"20":[0,0],"21":[0,0],"22":[0,0],"23":[0,0],"24":[0,0],"25":[0,0],"26":[0,0],"27":[0,0],"28":[0,0],"29":[0,0],"30":[0,0],"31":[0,0],"32":[0,0],"33":[0,0],"34":[0,0],"35":[0,0],"36":[0,0],"37":[0,0],"38":[0,0],"39":[0,0],"40":[0],"41":[0,0],"42":[0,0],"43":[0,0],"44":[0,0],"45":[0,0]}}
,"/Users/mini/Documents/Projects/ProjectReminder/public/js/errors.js": {"path":"/Users/mini/Documents/Projects/ProjectReminder/public/js/errors.js","statementMap":{"0":{"start":{"line":12,"column":8},"end":{"line":12,"column":30}},"1":{"start":{"line":13,"column":8},"end":{"line":13,"column":25}},"2":{"start":{"line":14,"column":8},"end":{"line":14,"column":27}},"3":{"start":{"line":15,"column":8},"end":{"line":15,"column":20}},"4":{"start":{"line":20,"column":8},"end":{"line":20,"column":68}},"5":{"start":{"line":21,"column":8},"end":{"line":26,"column":9}},"6":{"start":{"line":22,"column":12},"end":{"line":22,"column":59}},"7":{"start":{"line":23,"column":12},"end":{"line":23,"column":50}},"8":{"start":{"line":24,"column":12},"end":{"line":24,"column":57}},"9":{"start":{"line":25,"column":12},"end":{"line":25,"column":54}},"10":{"start":{"line":37,"column":31},"end":{"line":39,"column":21}},"11":{"start":{"line":42,"column":8},"end":{"line":45,"column":9}},"12":{"start":{"line":43,"column":32},"end":{"line":43,"column":46}},"13":{"start":{"line":44,"column":12},"end":{"line":44,"column":37}},"14":{"start":{"line":48,"column":22},"end":{"line":48,"column":51}},"15":{"start":{"line":49,"column":8},"end":{"line":49,"column":48}},"16":{"start":{"line":50,"column":8},"end":{"line":50,"column":44}},"17":{"start":{"line":51,"column":8},"end":{"line":51,"column":50}},"18":{"start":{"line":54,"column":21},"end":{"line":54,"column":39}},"19":{"start":{"line":55,"column":28},"end":{"line":55,"column":58}},"20":{"start":{"line":56,"column":8},"end":{"line":56,"column":48}},"21":{"start":{"line":57,"column":8},"end":{"line":57,"column":49}},"22":{"start":{"line":59,"column":28},"end":{"line":59,"column":60}},"23":{"start":{"line":60,"column":8},"end":{"line":60,"column":46}},"24":{"start":{"line":61,"column":8},"end":{"line":61,"column":36}},"25":{"start":{"line":62,"column":8},"end":{"line":62,"column":69}},"26":{"start":{"line":63,"column":8},"end":{"line":63,"column":55}},"27":{"start":{"line":63,"column":36},"end":{"line":63,"column":54}},"28":{"start":{"line":66,"column":8},"end":{"line":66,"column":32}},"29":{"start":{"line":67,"column":8},"end":{"line":67,"column":39}},"30":{"start":{"line":68,"column":8},"end":{"line":68,"column":39}},"31":{"start":{"line":71,"column":8},"end":{"line":71,"column":42}},"32":{"start":{"line":72,"column":8},"end":{"line":72,"column":32}},"33":{"start":{"line":75,"column":8},"end":{"line":75,"column":67}},"34":{"start":{"line":75,"column":25},"end":{"line":75,"column":61}},"35":{"start":{"line":78,"column":8},"end":{"line":80,"column":9}},"36":{"start":{"line":79,"column":12},"end":{"line":79,"column":59}},"37":{"start":{"line":79,"column":29},"end":{"line":79,"column":47}},"38":{"start":{"line":83,"column":8},"end":{"line":83,"column":69}},"39":{"start":{"line":85,"column":8},"end":{"line":85,"column":21}},"40":{"start":{"line":93,"column":8},"end":{"line":93,"column":51}},"41":{"start":{"line":93,"column":44},"end":{"line":93,"column":51}},"42":{"start":{"line":96,"column":8},"end":{"line":96,"column":48}},"43":{"start":{"line":97,"column":8},"end":{"line":97,"column":44}},"44":{"start":{"line":99,"column":8},"end":{"line":104,"column":16}},"45":{"start":{"line":100,"column":12},"end":{"line":102,"column":13}},"46":{"start":{"line":101,"column":16},"end":{"line":101,"column":55}},"47":{"start":{"line":103,"column":12},"end":{"line":103,"column":63}},"48":{"start":{"line":103,"column":50},"end":{"line":103,"column":61}},"49":{"start":{"line":113,"column":25},"end":{"line":113,"column":55}},"50":{"start":{"line":114,"column":8},"end":{"line":114,"column":42}},"51":{"start":{"line":115,"column":8},"end":{"line":115,"column":53}},"52":{"start":{"line":117,"column":22},"end":{"line":122,"column":9}},"53":{"start":{"line":124,"column":8},"end":{"line":124,"column":57}},"54":{"start":{"line":125,"column":8},"end":{"line":125,"column":24}},"55":{"start":{"line":132,"column":8},"end":{"line":132,"column":57}},"56":{"start":{"line":132,"column":37},"end":{"line":132,"column":55}},"57":{"start":{"line":137,"column":21},"end":{"line":137,"column":39}},"58":{"start":{"line":146,"column":4},"end":{"line":146,"column":54}},"59":{"start":{"line":154,"column":4},"end":{"line":154,"column":38}},"60":{"start":{"line":155,"column":4},"end":{"line":155,"column":45}},"61":{"start":{"line":163,"column":4},"end":{"line":163,"column":47}},"62":{"start":{"line":171,"column":4},"end":{"line":171,"column":47}},"63":{"start":{"line":179,"column":4},"end":{"line":179,"column":44}},"64":{"start":{"line":189,"column":4},"end":{"line":191,"column":5}},"65":{"start":{"line":190,"column":8},"end":{"line":190,"column":43}},"66":{"start":{"line":194,"column":4},"end":{"line":196,"column":5}},"67":{"start":{"line":195,"column":8},"end":{"line":195,"column":21}},"68":{"start":{"line":199,"column":4},"end":{"line":201,"column":5}},"69":{"start":{"line":200,"column":8},"end":{"line":200,"column":28}},"70":{"start":{"line":204,"column":4},"end":{"line":206,"column":5}},"71":{"start":{"line":205,"column":8},"end":{"line":205,"column":67}},"72":{"start":{"line":209,"column":4},"end":{"line":211,"column":5}},"73":{"start":{"line":210,"column":8},"end":{"line":210,"column":84}},"74":{"start":{"line":214,"column":4},"end":{"line":216,"column":5}},"75":{"start":{"line":215,"column":8},"end":{"line":215,"column":71}},"76":{"start":{"line":219,"column":4},"end":{"line":221,"column":5}},"77":{"start":{"line":220,"column":8},"end":{"line":220,"column":63}},"78":{"start":{"line":224,"column":4},"end":{"line":226,"column":5}},"79":{"start":{"line":225,"column":8},"end":{"line":225,"column":29}},"80":{"start":{"line":229,"column":4},"end":{"line":231,"column":5}},"81":{"start":{"line":230,"column":8},"end":{"line":230,"column":47}},"82":{"start":{"line":234,"column":4},"end":{"line":241,"column":5}},"83":{"start":{"line":235,"column":28},"end":{"line":235,"column":49}},"84":{"start":{"line":236,"column":8},"end":{"line":238,"column":9}},"85":{"start":{"line":237,"column":12},"end":{"line":237,"column":31}},"86":{"start":{"line":243,"column":4},"end":{"line":243,"column":42}},"87":{"start":{"line":260,"column":8},"end":{"line":260,"column":15}},"88":{"start":{"line":263,"column":16},"end":{"line":263,"column":28}},"89":{"start":{"line":265,"column":4},"end":{"line":308,"column":5}},"90":{"start":{"line":265,"column":23},"end":{"line":265,"column":24}},"91":{"start":{"line":266,"column":8},"end":{"line":307,"column":9}},"92":{"start":{"line":267,"column":27},"end":{"line":267,"column":37}},"93":{"start":{"line":270,"column":12},"end":{"line":272,"column":13}},"94":{"start":{"line":271,"column":16},"end":{"line":271,"column":71}},"95":{"start":{"line":274,"column":12},"end":{"line":274,"column":26}},"96":{"start":{"line":276,"column":12},"end":{"line":276,"column":30}},"97":{"start":{"line":279,"column":12},"end":{"line":279,"column":86}},"98":{"start":{"line":282,"column":12},"end":{"line":285,"column":13}},"99":{"start":{"line":283,"column":16},"end":{"line":283,"column":83}},"100":{"start":{"line":284,"column":16},"end":{"line":284,"column":28}},"101":{"start":{"line":288,"column":12},"end":{"line":291,"column":13}},"102":{"start":{"line":289,"column":16},"end":{"line":289,"column":76}},"103":{"start":{"line":290,"column":16},"end":{"line":290,"column":22}},"104":{"start":{"line":294,"column":12},"end":{"line":298,"column":13}},"105":{"start":{"line":295,"column":16},"end":{"line":295,"column":53}},"106":{"start":{"line":297,"column":16},"end":{"line":297,"column":89}},"107":{"start":{"line":301,"column":33},"end":{"line":301,"column":58}},"108":{"start":{"line":302,"column":12},"end":{"line":302,"column":91}},"109":{"start":{"line":303,"column":12},"end":{"line":303,"column":38}},"110":{"start":{"line":306,"column":12},"end":{"line":306,"column":35}},"111":{"start":{"line":311,"column":25},"end":{"line":311,"column":54}},"112":{"start":{"line":312,"column":4},"end":{"line":312,"column":51}},"113":{"start":{"line":313,"column":4},"end":{"line":313,"column":20}},"114":{"start":{"line":322,"column":4},"end":{"line":322,"column":59}},"115":{"start":{"line":322,"column":34},"end":{"line":322,"column":57}},"116":{"start":{"line":333,"column":4},"end":{"line":371,"column":6}},"117":{"start":{"line":335,"column":29},"end":{"line":335,"column":54}},"118":{"start":{"line":338,"column":12},"end":{"line":354,"column":13}},"119":{"start":{"line":340,"column":35},"end":{"line":340,"column":84}},"120":{"start":{"line":341,"column":16},"end":{"line":348,"column":17}},"121":{"start":{"line":342,"column":38},"end":{"line":342,"column":59}},"122":{"start":{"line":343,"column":20},"end":{"line":345,"column":21}},"123":{"start":{"line":344,"column":24},"end":{"line":344,"column":56}},"124":{"start":{"line":350,"column":30},"end":{"line":350,"column":53}},"125":{"start":{"line":351,"column":16},"end":{"line":351,"column":42}},"126":{"start":{"line":352,"column":16},"end":{"line":352,"column":47}},"127":{"start":{"line":353,"column":16},"end":{"line":353,"column":28}},"128":{"start":{"line":356,"column":12},"end":{"line":356,"column":28}},"129":{"start":{"line":365,"column":16},"end":{"line":365,"column":69}},"130":{"start":{"line":365,"column":57},"end":{"line":365,"column":69}},"131":{"start":{"line":366,"column":16},"end":{"line":366,"column":75}},"132":{"start":{"line":366,"column":63},"end":{"line":366,"column":75}},"133":{"start":{"line":367,"column":16},"end":{"line":367,"column":29}},"134":{"start":{"line":380,"column":4},"end":{"line":385,"column":5}},"135":{"start":{"line":381,"column":8},"end":{"line":381,"column":37}},"136":{"start":{"line":383,"column":8},"end":{"line":383,"column":51}},"137":{"start":{"line":384,"column":8},"end":{"line":384,"column":56}},"138":{"start":{"line":389,"column":0},"end":{"line":402,"column":1}},"139":{"start":{"line":390,"column":4},"end":{"line":401,"column":6}}},"fnMap":{"0":{"name":"(anonymous_0)","decl":{"start":{"line":11,"column":4},"end":{"line":11,"column":5}},"loc":{"start":{"line":11,"column":18},"end":{"line":16,"column":5}},"line":11},"1":{"name":"(anonymous_1)","decl":{"start":{"line":18,"column":4},"end":{"line":18,"column":5}},"loc":{"start":{"line":18,"column":11},"end":{"line":27,"column":5}},"line":18},"2":{"name":"(anonymous_2)","decl":{"start":{"line":35,"column":4},"end":{"line":35,"column":5}},"loc":{"start":{"line":35,"column":50},"end":{"line":86,"column":5}},"line":35},"3":{"name":"(anonymous_3)","decl":{"start":{"line":63,"column":30},"end":{"line":63,"column":31}},"loc":{"start":{"line":63,"column":36},"end":{"line":63,"column":54}},"line":63},"4":{"name":"(anonymous_4)","decl":{"start":{"line":75,"column":19},"end":{"line":75,"column":20}},"loc":{"start":{"line":75,"column":25},"end":{"line":75,"column":61}},"line":75},"5":{"name":"(anonymous_5)","decl":{"start":{"line":79,"column":23},"end":{"line":79,"column":24}},"loc":{"start":{"line":79,"column":29},"end":{"line":79,"column":47}},"line":79},"6":{"name":"(anonymous_6)","decl":{"start":{"line":92,"column":4},"end":{"line":92,"column":5}},"loc":{"start":{"line":92,"column":18},"end":{"line":105,"column":5}},"line":92},"7":{"name":"(anonymous_7)","decl":{"start":{"line":99,"column":19},"end":{"line":99,"column":20}},"loc":{"start":{"line":99,"column":25},"end":{"line":104,"column":9}},"line":99},"8":{"name":"(anonymous_8)","decl":{"start":{"line":103,"column":45},"end":{"line":103,"column":46}},"loc":{"start":{"line":103,"column":50},"end":{"line":103,"column":61}},"line":103},"9":{"name":"(anonymous_9)","decl":{"start":{"line":112,"column":4},"end":{"line":112,"column":5}},"loc":{"start":{"line":112,"column":18},"end":{"line":126,"column":5}},"line":112},"10":{"name":"(anonymous_10)","decl":{"start":{"line":131,"column":4},"end":{"line":131,"column":5}},"loc":{"start":{"line":131,"column":15},"end":{"line":133,"column":5}},"line":131},"11":{"name":"(anonymous_11)","decl":{"start":{"line":132,"column":28},"end":{"line":132,"column":29}},"loc":{"start":{"line":132,"column":37},"end":{"line":132,"column":55}},"line":132},"12":{"name":"showToast","decl":{"start":{"line":145,"column":9},"end":{"line":145,"column":18}},"loc":{"start":{"line":145,"column":60},"end":{"line":147,"column":1}},"line":145},"13":{"name":"showError","decl":{"start":{"line":153,"column":9},"end":{"line":153,"column":18}},"loc":{"start":{"line":153,"column":28},"end":{"line":156,"column":1}},"line":153},"14":{"name":"showSuccess","decl":{"start":{"line":162,"column":9},"end":{"line":162,"column":20}},"loc":{"start":{"line":162,"column":30},"end":{"line":164,"column":1}},"line":162},"15":{"name":"showWarning","decl":{"start":{"line":170,"column":9},"end":{"line":170,"column":20}},"loc":{"start":{"line":170,"column":30},"end":{"line":172,"column":1}},"line":170},"16":{"name":"showInfo","decl":{"start":{"line":178,"column":9},"end":{"line":178,"column":17}},"loc":{"start":{"line":178,"column":27},"end":{"line":180,"column":1}},"line":178},"17":{"name":"formatErrorMessage","decl":{"start":{"line":187,"column":9},"end":{"line":187,"column":27}},"loc":{"start":{"line":187,"column":35},"end":{"line":244,"column":1}},"line":187},"18":{"name":"withRetry","decl":{"start":{"line":252,"column":15},"end":{"line":252,"column":24}},"loc":{"start":{"line":252,"column":43},"end":{"line":314,"column":1}},"line":252},"19":{"name":"sleep","decl":{"start":{"line":321,"column":9},"end":{"line":321,"column":14}},"loc":{"start":{"line":321,"column":19},"end":{"line":323,"column":1}},"line":321},"20":{"name":"(anonymous_20)","decl":{"start":{"line":322,"column":23},"end":{"line":322,"column":24}},"loc":{"start":{"line":322,"column":34},"end":{"line":322,"column":57}},"line":322},"21":{"name":"fetchWithRetry","decl":{"start":{"line":332,"column":15},"end":{"line":332,"column":29}},"loc":{"start":{"line":332,"column":68},"end":{"line":372,"column":1}},"line":332},"22":{"name":"(anonymous_22)","decl":{"start":{"line":334,"column":8},"end":{"line":334,"column":9}},"loc":{"start":{"line":334,"column":20},"end":{"line":357,"column":9}},"line":334},"23":{"name":"(anonymous_23)","decl":{"start":{"line":364,"column":21},"end":{"line":364,"column":22}},"loc":{"start":{"line":364,"column":32},"end":{"line":368,"column":13}},"line":364},"24":{"name":"safeJsonParse","decl":{"start":{"line":379,"column":15},"end":{"line":379,"column":28}},"loc":{"start":{"line":379,"column":39},"end":{"line":386,"column":1}},"line":379}},"branchMap":{"0":{"loc":{"start":{"line":21,"column":8},"end":{"line":26,"column":9}},"type":"if","locations":[{"start":{"line":21,"column":8},"end":{"line":26,"column":9}},{"start":{},"end":{}}],"line":21},"1":{"loc":{"start":{"line":35,"column":18},"end":{"line":35,"column":31}},"type":"default-arg","locations":[{"start":{"line":35,"column":25},"end":{"line":35,"column":31}}],"line":35},"2":{"loc":{"start":{"line":35,"column":33},"end":{"line":35,"column":48}},"type":"default-arg","locations":[{"start":{"line":35,"column":44},"end":{"line":35,"column":48}}],"line":35},"3":{"loc":{"start":{"line":37,"column":31},"end":{"line":39,"column":21}},"type":"cond-expr","locations":[{"start":{"line":38,"column":14},"end":{"line":38,"column":47}},{"start":{"line":39,"column":14},"end":{"line":39,"column":21}}],"line":37},"4":{"loc":{"start":{"line":42,"column":8},"end":{"line":45,"column":9}},"type":"if","locations":[{"start":{"line":42,"column":8},"end":{"line":45,"column":9}},{"start":{},"end":{}}],"line":42},"5":{"loc":{"start":{"line":78,"column":8},"end":{"line":80,"column":9}},"type":"if","locations":[{"start":{"line":78,"column":8},"end":{"line":80,"column":9}},{"start":{},"end":{}}],"line":78},"6":{"loc":{"start":{"line":93,"column":8},"end":{"line":93,"column":51}},"type":"if","locations":[{"start":{"line":93,"column":8},"end":{"line":93,"column":51}},{"start":{},"end":{}}],"line":93},"7":{"loc":{"start":{"line":93,"column":12},"end":{"line":93,"column":42}},"type":"binary-expr","locations":[{"start":{"line":93,"column":12},"end":{"line":93,"column":18}},{"start":{"line":93,"column":22},"end":{"line":93,"column":42}}],"line":93},"8":{"loc":{"start":{"line":100,"column":12},"end":{"line":102,"column":13}},"type":"if","locations":[{"start":{"line":100,"column":12},"end":{"line":102,"column":13}},{"start":{},"end":{}}],"line":100},"9":{"loc":{"start":{"line":124,"column":31},"end":{"line":124,"column":56}},"type":"binary-expr","locations":[{"start":{"line":124,"column":31},"end":{"line":124,"column":42}},{"start":{"line":124,"column":46},"end":{"line":124,"column":56}}],"line":124},"10":{"loc":{"start":{"line":145,"column":28},"end":{"line":145,"column":41}},"type":"default-arg","locations":[{"start":{"line":145,"column":35},"end":{"line":145,"column":41}}],"line":145},"11":{"loc":{"start":{"line":145,"column":43},"end":{"line":145,"column":58}},"type":"default-arg","locations":[{"start":{"line":145,"column":54},"end":{"line":145,"column":58}}],"line":145},"12":{"loc":{"start":{"line":189,"column":4},"end":{"line":191,"column":5}},"type":"if","locations":[{"start":{"line":189,"column":4},"end":{"line":191,"column":5}},{"start":{},"end":{}}],"line":189},"13":{"loc":{"start":{"line":194,"column":4},"end":{"line":196,"column":5}},"type":"if","locations":[{"start":{"line":194,"column":4},"end":{"line":196,"column":5}},{"start":{},"end":{}}],"line":194},"14":{"loc":{"start":{"line":199,"column":4},"end":{"line":201,"column":5}},"type":"if","locations":[{"start":{"line":199,"column":4},"end":{"line":201,"column":5}},{"start":{},"end":{}}],"line":199},"15":{"loc":{"start":{"line":204,"column":4},"end":{"line":206,"column":5}},"type":"if","locations":[{"start":{"line":204,"column":4},"end":{"line":206,"column":5}},{"start":{},"end":{}}],"line":204},"16":{"loc":{"start":{"line":209,"column":4},"end":{"line":211,"column":5}},"type":"if","locations":[{"start":{"line":209,"column":4},"end":{"line":211,"column":5}},{"start":{},"end":{}}],"line":209},"17":{"loc":{"start":{"line":214,"column":4},"end":{"line":216,"column":5}},"type":"if","locations":[{"start":{"line":214,"column":4},"end":{"line":216,"column":5}},{"start":{},"end":{}}],"line":214},"18":{"loc":{"start":{"line":214,"column":8},"end":{"line":214,"column":73}},"type":"binary-expr","locations":[{"start":{"line":214,"column":8},"end":{"line":214,"column":35}},{"start":{"line":214,"column":39},"end":{"line":214,"column":73}}],"line":214},"19":{"loc":{"start":{"line":219,"column":4},"end":{"line":221,"column":5}},"type":"if","locations":[{"start":{"line":219,"column":4},"end":{"line":221,"column":5}},{"start":{},"end":{}}],"line":219},"20":{"loc":{"start":{"line":220,"column":15},"end":{"line":220,"column":62}},"type":"binary-expr","locations":[{"start":{"line":220,"column":15},"end":{"line":220,"column":28}},{"start":{"line":220,"column":32},"end":{"line":220,"column":62}}],"line":220},"21":{"loc":{"start":{"line":224,"column":4},"end":{"line":226,"column":5}},"type":"if","locations":[{"start":{"line":224,"column":4},"end":{"line":226,"column":5}},{"start":{},"end":{}}],"line":224},"22":{"loc":{"start":{"line":229,"column":4},"end":{"line":231,"column":5}},"type":"if","locations":[{"start":{"line":229,"column":4},"end":{"line":231,"column":5}},{"start":{},"end":{}}],"line":229},"23":{"loc":{"start":{"line":236,"column":8},"end":{"line":238,"column":9}},"type":"if","locations":[{"start":{"line":236,"column":8},"end":{"line":238,"column":9}},{"start":{},"end":{}}],"line":236},"24":{"loc":{"start":{"line":252,"column":29},"end":{"line":252,"column":41}},"type":"default-arg","locations":[{"start":{"line":252,"column":39},"end":{"line":252,"column":41}}],"line":252},"25":{"loc":{"start":{"line":254,"column":8},"end":{"line":254,"column":23}},"type":"default-arg","locations":[{"start":{"line":254,"column":22},"end":{"line":254,"column":23}}],"line":254},"26":{"loc":{"start":{"line":255,"column":8},"end":{"line":255,"column":26}},"type":"default-arg","locations":[{"start":{"line":255,"column":23},"end":{"line":255,"column":26}}],"line":255},"27":{"loc":{"start":{"line":256,"column":8},"end":{"line":256,"column":23}},"type":"default-arg","locations":[{"start":{"line":256,"column":19},"end":{"line":256,"column":23}}],"line":256},"28":{"loc":{"start":{"line":257,"column":8},"end":{"line":257,"column":25}},"type":"default-arg","locations":[{"start":{"line":257,"column":24},"end":{"line":257,"column":25}}],"line":257},"29":{"loc":{"start":{"line":258,"column":8},"end":{"line":258,"column":22}},"type":"default-arg","locations":[{"start":{"line":258,"column":18},"end":{"line":258,"column":22}}],"line":258},"30":{"loc":{"start":{"line":259,"column":8},"end":{"line":259,"column":22}},"type":"default-arg","locations":[{"start":{"line":259,"column":18},"end":{"line":259,"column":22}}],"line":259},"31":{"loc":{"start":{"line":270,"column":12},"end":{"line":272,"column":13}},"type":"if","locations":[{"start":{"line":270,"column":12},"end":{"line":272,"column":13}},{"start":{},"end":{}}],"line":270},"32":{"loc":{"start":{"line":282,"column":12},"end":{"line":285,"column":13}},"type":"if","locations":[{"start":{"line":282,"column":12},"end":{"line":285,"column":13}},{"start":{},"end":{}}],"line":282},"33":{"loc":{"start":{"line":282,"column":16},"end":{"line":282,"column":42}},"type":"binary-expr","locations":[{"start":{"line":282,"column":16},"end":{"line":282,"column":23}},{"start":{"line":282,"column":27},"end":{"line":282,"column":42}}],"line":282},"34":{"loc":{"start":{"line":288,"column":12},"end":{"line":291,"column":13}},"type":"if","locations":[{"start":{"line":288,"column":12},"end":{"line":291,"column":13}},{"start":{},"end":{}}],"line":288},"35":{"loc":{"start":{"line":294,"column":12},"end":{"line":298,"column":13}},"type":"if","locations":[{"start":{"line":294,"column":12},"end":{"line":298,"column":13}},{"start":{"line":296,"column":19},"end":{"line":298,"column":13}}],"line":294},"36":{"loc":{"start":{"line":332,"column":35},"end":{"line":332,"column":47}},"type":"default-arg","locations":[{"start":{"line":332,"column":45},"end":{"line":332,"column":47}}],"line":332},"37":{"loc":{"start":{"line":332,"column":49},"end":{"line":332,"column":66}},"type":"default-arg","locations":[{"start":{"line":332,"column":64},"end":{"line":332,"column":66}}],"line":332},"38":{"loc":{"start":{"line":338,"column":12},"end":{"line":354,"column":13}},"type":"if","locations":[{"start":{"line":338,"column":12},"end":{"line":354,"column":13}},{"start":{},"end":{}}],"line":338},"39":{"loc":{"start":{"line":343,"column":20},"end":{"line":345,"column":21}},"type":"if","locations":[{"start":{"line":343,"column":20},"end":{"line":345,"column":21}},{"start":{},"end":{}}],"line":343},"40":{"loc":{"start":{"line":365,"column":16},"end":{"line":365,"column":69}},"type":"if","locations":[{"start":{"line":365,"column":16},"end":{"line":365,"column":69}},{"start":{},"end":{}}],"line":365},"41":{"loc":{"start":{"line":366,"column":16},"end":{"line":366,"column":75}},"type":"if","locations":[{"start":{"line":366,"column":16},"end":{"line":366,"column":75}},{"start":{},"end":{}}],"line":366},"42":{"loc":{"start":{"line":366,"column":20},"end":{"line":366,"column":61}},"type":"binary-expr","locations":[{"start":{"line":366,"column":20},"end":{"line":366,"column":39}},{"start":{"line":366,"column":43},"end":{"line":366,"column":61}}],"line":366},"43":{"loc":{"start":{"line":389,"column":0},"end":{"line":402,"column":1}},"type":"if","locations":[{"start":{"line":389,"column":0},"end":{"line":402,"column":1}},{"start":{},"end":{}}],"line":389},"44":{"loc":{"start":{"line":389,"column":4},"end":{"line":389,"column":51}},"type":"binary-expr","locations":[{"start":{"line":389,"column":4},"end":{"line":389,"column":33}},{"start":{"line":389,"column":37},"end":{"line":389,"column":51}}],"line":389}},"s":{"0":0,"1":0,"2":0,"3":0,"4":0,"5":0,"6":0,"7":0,"8":0,"9":0,"10":0,"11":0,"12":0,"13":0,"14":0,"15":0,"16":0,"17":0,"18":0,"19":0,"20":0,"21":0,"22":0,"23":0,"24":0,"25":0,"26":0,"27":0,"28":0,"29":0,"30":0,"31":0,"32":0,"33":0,"34":0,"35":0,"36":0,"37":0,"38":0,"39":0,"40":0,"41":0,"42":0,"43":0,"44":0,"45":0,"46":0,"47":0,"48":0,"49":0,"50":0,"51":0,"52":0,"53":0,"54":0,"55":0,"56":0,"57":0,"58":0,"59":0,"60":0,"61":0,"62":0,"63":0,"64":0,"65":0,"66":0,"67":0,"68":0,"69":0,"70":0,"71":0,"72":0,"73":0,"74":0,"75":0,"76":0,"77":0,"78":0,"79":0,"80":0,"81":0,"82":0,"83":0,"84":0,"85":0,"86":0,"87":0,"88":0,"89":0,"90":0,"91":0,"92":0,"93":0,"94":0,"95":0,"96":0,"97":0,"98":0,"99":0,"100":0,"101":0,"102":0,"103":0,"104":0,"105":0,"106":0,"107":0,"108":0,"109":0,"110":0,"111":0,"112":0,"113":0,"114":0,"115":0,"116":0,"117":0,"118":0,"119":0,"120":0,"121":0,"122":0,"123":0,"124":0,"125":0,"126":0,"127":0,"128":0,"129":0,"130":0,"131":0,"132":0,"133":0,"134":0,"135":0,"136":0,"137":0,"138":0,"139":0},"f":{"0":0,"1":0,"2":0,"3":0,"4":0,"5":0,"6":0,"7":0,"8":0,"9":0,"10":0,"11":0,"12":0,"13":0,"14":0,"15":0,"16":0,"17":0,"18":0,"19":0,"20":0,"21":0,"22":0,"23":0,"24":0},"b":{"0":[0,0],"1":[0],"2":[0],"3":[0,0],"4":[0,0],"5":[0,0],"6":[0,0],"7":[0,0],"8":[0,0],"9":[0,0],"10":[0],"11":[0],"12":[0,0],"13":[0,0],"14":[0,0],"15":[0,0],"16":[0,0],"17":[0,0],"18":[0,0],"19":[0,0],"20":[0,0],"21":[0,0],"22":[0,0],"23":[0,0],"24":[0],"25":[0],"26":[0],"27":[0],"28":[0],"29":[0],"30":[0],"31":[0,0],"32":[0,0],"33":[0,0],"34":[0,0],"35":[0,0],"36":[0],"37":[0],"38":[0,0],"39":[0,0],"40":[0,0],"41":[0,0],"42":[0,0],"43":[0,0],"44":[0,0]}}
,"/Users/mini/Documents/Projects/ProjectReminder/public/js/recurrence.js": {"path":"/Users/mini/Documents/Projects/ProjectReminder/public/js/recurrence.js","statementMap":{"0":{"start":{"line":12,"column":21},"end":{"line":308,"column":4}},"1":{"start":{"line":15,"column":22},"end":{"line":15,"column":27}},"2":{"start":{"line":21,"column":8},"end":{"line":21,"column":32}},"3":{"start":{"line":21,"column":25},"end":{"line":21,"column":32}},"4":{"start":{"line":23,"column":8},"end":{"line":23,"column":53}},"5":{"start":{"line":26,"column":32},"end":{"line":26,"column":95}},"6":{"start":{"line":27,"column":34},"end":{"line":27,"column":78}},"7":{"start":{"line":28,"column":30},"end":{"line":28,"column":75}},"8":{"start":{"line":29,"column":29},"end":{"line":29,"column":68}},"9":{"start":{"line":30,"column":36},"end":{"line":30,"column":82}},"10":{"start":{"line":31,"column":36},"end":{"line":31,"column":82}},"11":{"start":{"line":32,"column":35},"end":{"line":32,"column":92}},"12":{"start":{"line":33,"column":33},"end":{"line":33,"column":76}},"13":{"start":{"line":34,"column":34},"end":{"line":34,"column":78}},"14":{"start":{"line":35,"column":30},"end":{"line":35,"column":95}},"15":{"start":{"line":38,"column":8},"end":{"line":40,"column":11}},"16":{"start":{"line":39,"column":12},"end":{"line":39,"column":68}},"17":{"start":{"line":43,"column":8},"end":{"line":43,"column":63}},"18":{"start":{"line":46,"column":8},"end":{"line":48,"column":11}},"19":{"start":{"line":47,"column":12},"end":{"line":47,"column":63}},"20":{"start":{"line":51,"column":8},"end":{"line":51,"column":87}},"21":{"start":{"line":54,"column":8},"end":{"line":56,"column":11}},"22":{"start":{"line":55,"column":12},"end":{"line":55,"column":71}},"23":{"start":{"line":58,"column":8},"end":{"line":58,"column":95}},"24":{"start":{"line":59,"column":8},"end":{"line":59,"column":95}},"25":{"start":{"line":61,"column":8},"end":{"line":61,"column":27}},"26":{"start":{"line":68,"column":26},"end":{"line":68,"column":44}},"27":{"start":{"line":69,"column":34},"end":{"line":69,"column":78}},"28":{"start":{"line":70,"column":29},"end":{"line":70,"column":68}},"29":{"start":{"line":71,"column":36},"end":{"line":71,"column":82}},"30":{"start":{"line":72,"column":36},"end":{"line":72,"column":82}},"31":{"start":{"line":74,"column":8},"end":{"line":78,"column":9}},"32":{"start":{"line":76,"column":12},"end":{"line":76,"column":53}},"33":{"start":{"line":77,"column":12},"end":{"line":77,"column":19}},"34":{"start":{"line":81,"column":8},"end":{"line":81,"column":50}},"35":{"start":{"line":84,"column":25},"end":{"line":89,"column":9}},"36":{"start":{"line":90,"column":8},"end":{"line":90,"column":67}},"37":{"start":{"line":93,"column":8},"end":{"line":93,"column":86}},"38":{"start":{"line":94,"column":8},"end":{"line":94,"column":87}},"39":{"start":{"line":97,"column":8},"end":{"line":97,"column":24}},"40":{"start":{"line":104,"column":29},"end":{"line":104,"column":47}},"41":{"start":{"line":105,"column":33},"end":{"line":105,"column":76}},"42":{"start":{"line":106,"column":34},"end":{"line":106,"column":78}},"43":{"start":{"line":108,"column":8},"end":{"line":108,"column":84}},"44":{"start":{"line":109,"column":8},"end":{"line":109,"column":86}},"45":{"start":{"line":111,"column":8},"end":{"line":111,"column":24}},"46":{"start":{"line":118,"column":24},"end":{"line":118,"column":46}},"47":{"start":{"line":120,"column":8},"end":{"line":124,"column":9}},"48":{"start":{"line":121,"column":12},"end":{"line":122,"column":95}},"49":{"start":{"line":123,"column":12},"end":{"line":123,"column":19}},"50":{"start":{"line":127,"column":29},"end":{"line":127,"column":63}},"51":{"start":{"line":128,"column":26},"end":{"line":128,"column":88}},"52":{"start":{"line":131,"column":29},"end":{"line":131,"column":72}},"53":{"start":{"line":133,"column":8},"end":{"line":137,"column":9}},"54":{"start":{"line":134,"column":12},"end":{"line":135,"column":73}},"55":{"start":{"line":136,"column":12},"end":{"line":136,"column":19}},"56":{"start":{"line":140,"column":25},"end":{"line":143,"column":19}},"57":{"start":{"line":141,"column":28},"end":{"line":141,"column":97}},"58":{"start":{"line":142,"column":12},"end":{"line":142,"column":75}},"59":{"start":{"line":145,"column":8},"end":{"line":145,"column":88}},"60":{"start":{"line":152,"column":22},"end":{"line":152,"column":24}},"61":{"start":{"line":153,"column":26},"end":{"line":153,"column":45}},"62":{"start":{"line":154,"column":30},"end":{"line":154,"column":34}},"63":{"start":{"line":155,"column":25},"end":{"line":155,"column":26}},"64":{"start":{"line":157,"column":8},"end":{"line":200,"column":9}},"65":{"start":{"line":158,"column":12},"end":{"line":158,"column":25}},"66":{"start":{"line":161,"column":12},"end":{"line":164,"column":13}},"67":{"start":{"line":162,"column":32},"end":{"line":162,"column":58}},"68":{"start":{"line":163,"column":16},"end":{"line":163,"column":49}},"69":{"start":{"line":163,"column":43},"end":{"line":163,"column":49}},"70":{"start":{"line":165,"column":12},"end":{"line":165,"column":78}},"71":{"start":{"line":165,"column":72},"end":{"line":165,"column":78}},"72":{"start":{"line":168,"column":12},"end":{"line":176,"column":13}},"73":{"start":{"line":169,"column":36},"end":{"line":169,"column":89}},"74":{"start":{"line":169,"column":77},"end":{"line":169,"column":88}},"75":{"start":{"line":170,"column":35},"end":{"line":170,"column":65}},"76":{"start":{"line":171,"column":16},"end":{"line":173,"column":17}},"77":{"start":{"line":172,"column":20},"end":{"line":172,"column":54}},"78":{"start":{"line":174,"column":16},"end":{"line":174,"column":63}},"79":{"start":{"line":175,"column":16},"end":{"line":175,"column":25}},"80":{"start":{"line":179,"column":12},"end":{"line":185,"column":13}},"81":{"start":{"line":180,"column":16},"end":{"line":182,"column":17}},"82":{"start":{"line":181,"column":20},"end":{"line":181,"column":54}},"83":{"start":{"line":183,"column":16},"end":{"line":183,"column":63}},"84":{"start":{"line":184,"column":16},"end":{"line":184,"column":25}},"85":{"start":{"line":188,"column":12},"end":{"line":188,"column":46}},"86":{"start":{"line":191,"column":12},"end":{"line":199,"column":13}},"87":{"start":{"line":192,"column":16},"end":{"line":192,"column":78}},"88":{"start":{"line":193,"column":19},"end":{"line":199,"column":13}},"89":{"start":{"line":194,"column":16},"end":{"line":194,"column":84}},"90":{"start":{"line":195,"column":19},"end":{"line":199,"column":13}},"91":{"start":{"line":196,"column":16},"end":{"line":196,"column":80}},"92":{"start":{"line":197,"column":19},"end":{"line":199,"column":13}},"93":{"start":{"line":198,"column":16},"end":{"line":198,"column":86}},"94":{"start":{"line":202,"column":8},"end":{"line":202,"column":21}},"95":{"start":{"line":210,"column":26},"end":{"line":210,"column":101}},"96":{"start":{"line":212,"column":8},"end":{"line":214,"column":9}},"97":{"start":{"line":213,"column":12},"end":{"line":213,"column":24}},"98":{"start":{"line":216,"column":25},"end":{"line":216,"column":91}},"99":{"start":{"line":217,"column":29},"end":{"line":217,"column":109}},"100":{"start":{"line":219,"column":24},"end":{"line":222,"column":9}},"101":{"start":{"line":225,"column":8},"end":{"line":231,"column":9}},"102":{"start":{"line":226,"column":33},"end":{"line":227,"column":36}},"103":{"start":{"line":227,"column":27},"end":{"line":227,"column":35}},"104":{"start":{"line":228,"column":12},"end":{"line":230,"column":13}},"105":{"start":{"line":229,"column":16},"end":{"line":229,"column":62}},"106":{"start":{"line":233,"column":8},"end":{"line":238,"column":9}},"107":{"start":{"line":234,"column":31},"end":{"line":234,"column":84}},"108":{"start":{"line":235,"column":12},"end":{"line":237,"column":13}},"109":{"start":{"line":236,"column":16},"end":{"line":236,"column":50}},"110":{"start":{"line":241,"column":8},"end":{"line":251,"column":9}},"111":{"start":{"line":242,"column":28},"end":{"line":242,"column":78}},"112":{"start":{"line":243,"column":12},"end":{"line":245,"column":13}},"113":{"start":{"line":244,"column":16},"end":{"line":244,"column":43}},"114":{"start":{"line":246,"column":15},"end":{"line":251,"column":9}},"115":{"start":{"line":247,"column":29},"end":{"line":247,"column":90}},"116":{"start":{"line":248,"column":12},"end":{"line":250,"column":13}},"117":{"start":{"line":249,"column":16},"end":{"line":249,"column":45}},"118":{"start":{"line":253,"column":8},"end":{"line":253,"column":23}},"119":{"start":{"line":260,"column":8},"end":{"line":260,"column":29}},"120":{"start":{"line":260,"column":22},"end":{"line":260,"column":29}},"121":{"start":{"line":263,"column":31},"end":{"line":263,"column":121}},"122":{"start":{"line":264,"column":8},"end":{"line":267,"column":9}},"123":{"start":{"line":265,"column":12},"end":{"line":265,"column":42}},"124":{"start":{"line":266,"column":12},"end":{"line":266,"column":62}},"125":{"start":{"line":270,"column":8},"end":{"line":272,"column":9}},"126":{"start":{"line":271,"column":12},"end":{"line":271,"column":83}},"127":{"start":{"line":275,"column":8},"end":{"line":281,"column":9}},"128":{"start":{"line":276,"column":25},"end":{"line":276,"column":56}},"129":{"start":{"line":277,"column":12},"end":{"line":280,"column":15}},"130":{"start":{"line":278,"column":33},"end":{"line":278,"column":94}},"131":{"start":{"line":279,"column":16},"end":{"line":279,"column":54}},"132":{"start":{"line":279,"column":30},"end":{"line":279,"column":54}},"133":{"start":{"line":284,"column":8},"end":{"line":286,"column":9}},"134":{"start":{"line":285,"column":12},"end":{"line":285,"column":79}},"135":{"start":{"line":289,"column":8},"end":{"line":297,"column":9}},"136":{"start":{"line":290,"column":12},"end":{"line":290,"column":96}},"137":{"start":{"line":291,"column":12},"end":{"line":291,"column":82}},"138":{"start":{"line":292,"column":12},"end":{"line":292,"column":68}},"139":{"start":{"line":293,"column":15},"end":{"line":297,"column":9}},"140":{"start":{"line":294,"column":12},"end":{"line":294,"column":97}},"141":{"start":{"line":295,"column":12},"end":{"line":295,"column":84}},"142":{"start":{"line":296,"column":12},"end":{"line":296,"column":69}},"143":{"start":{"line":299,"column":8},"end":{"line":299,"column":24}},"144":{"start":{"line":303,"column":4},"end":{"line":307,"column":6}},"145":{"start":{"line":311,"column":0},"end":{"line":311,"column":35}}},"fnMap":{"0":{"name":"(anonymous_0)","decl":{"start":{"line":12,"column":22},"end":{"line":12,"column":23}},"loc":{"start":{"line":12,"column":28},"end":{"line":308,"column":1}},"line":12},"1":{"name":"init","decl":{"start":{"line":20,"column":13},"end":{"line":20,"column":17}},"loc":{"start":{"line":20,"column":20},"end":{"line":62,"column":5}},"line":20},"2":{"name":"(anonymous_2)","decl":{"start":{"line":38,"column":32},"end":{"line":38,"column":33}},"loc":{"start":{"line":38,"column":41},"end":{"line":40,"column":9}},"line":38},"3":{"name":"(anonymous_3)","decl":{"start":{"line":46,"column":30},"end":{"line":46,"column":31}},"loc":{"start":{"line":46,"column":42},"end":{"line":48,"column":9}},"line":46},"4":{"name":"(anonymous_4)","decl":{"start":{"line":54,"column":35},"end":{"line":54,"column":36}},"loc":{"start":{"line":54,"column":44},"end":{"line":56,"column":9}},"line":54},"5":{"name":"handleFrequencyChange","decl":{"start":{"line":67,"column":13},"end":{"line":67,"column":34}},"loc":{"start":{"line":67,"column":42},"end":{"line":98,"column":5}},"line":67},"6":{"name":"handleEndConditionChange","decl":{"start":{"line":103,"column":13},"end":{"line":103,"column":37}},"loc":{"start":{"line":103,"column":45},"end":{"line":112,"column":5}},"line":103},"7":{"name":"updatePreview","decl":{"start":{"line":117,"column":13},"end":{"line":117,"column":26}},"loc":{"start":{"line":117,"column":29},"end":{"line":146,"column":5}},"line":117},"8":{"name":"(anonymous_8)","decl":{"start":{"line":140,"column":42},"end":{"line":140,"column":43}},"loc":{"start":{"line":140,"column":50},"end":{"line":143,"column":9}},"line":140},"9":{"name":"generatePreviewDates","decl":{"start":{"line":151,"column":13},"end":{"line":151,"column":33}},"loc":{"start":{"line":151,"column":61},"end":{"line":203,"column":5}},"line":151},"10":{"name":"(anonymous_10)","decl":{"start":{"line":169,"column":72},"end":{"line":169,"column":73}},"loc":{"start":{"line":169,"column":77},"end":{"line":169,"column":88}},"line":169},"11":{"name":"getRecurrencePattern","decl":{"start":{"line":209,"column":13},"end":{"line":209,"column":33}},"loc":{"start":{"line":209,"column":36},"end":{"line":254,"column":5}},"line":209},"12":{"name":"(anonymous_12)","decl":{"start":{"line":227,"column":21},"end":{"line":227,"column":22}},"loc":{"start":{"line":227,"column":27},"end":{"line":227,"column":35}},"line":227},"13":{"name":"loadRecurrencePattern","decl":{"start":{"line":259,"column":13},"end":{"line":259,"column":34}},"loc":{"start":{"line":259,"column":44},"end":{"line":300,"column":5}},"line":259},"14":{"name":"(anonymous_14)","decl":{"start":{"line":277,"column":25},"end":{"line":277,"column":26}},"loc":{"start":{"line":277,"column":32},"end":{"line":280,"column":13}},"line":277}},"branchMap":{"0":{"loc":{"start":{"line":21,"column":8},"end":{"line":21,"column":32}},"type":"if","locations":[{"start":{"line":21,"column":8},"end":{"line":21,"column":32}},{"start":{},"end":{}}],"line":21},"1":{"loc":{"start":{"line":74,"column":8},"end":{"line":78,"column":9}},"type":"if","locations":[{"start":{"line":74,"column":8},"end":{"line":78,"column":9}},{"start":{},"end":{}}],"line":74},"2":{"loc":{"start":{"line":90,"column":35},"end":{"line":90,"column":66}},"type":"binary-expr","locations":[{"start":{"line":90,"column":35},"end":{"line":90,"column":54}},{"start":{"line":90,"column":58},"end":{"line":90,"column":66}}],"line":90},"3":{"loc":{"start":{"line":93,"column":44},"end":{"line":93,"column":85}},"type":"cond-expr","locations":[{"start":{"line":93,"column":69},"end":{"line":93,"column":76}},{"start":{"line":93,"column":79},"end":{"line":93,"column":85}}],"line":93},"4":{"loc":{"start":{"line":94,"column":44},"end":{"line":94,"column":86}},"type":"cond-expr","locations":[{"start":{"line":94,"column":70},"end":{"line":94,"column":77}},{"start":{"line":94,"column":80},"end":{"line":94,"column":86}}],"line":94},"5":{"loc":{"start":{"line":108,"column":41},"end":{"line":108,"column":83}},"type":"cond-expr","locations":[{"start":{"line":108,"column":67},"end":{"line":108,"column":74}},{"start":{"line":108,"column":77},"end":{"line":108,"column":83}}],"line":108},"6":{"loc":{"start":{"line":109,"column":42},"end":{"line":109,"column":85}},"type":"cond-expr","locations":[{"start":{"line":109,"column":69},"end":{"line":109,"column":76}},{"start":{"line":109,"column":79},"end":{"line":109,"column":85}}],"line":109},"7":{"loc":{"start":{"line":120,"column":8},"end":{"line":124,"column":9}},"type":"if","locations":[{"start":{"line":120,"column":8},"end":{"line":124,"column":9}},{"start":{},"end":{}}],"line":120},"8":{"loc":{"start":{"line":128,"column":26},"end":{"line":128,"column":88}},"type":"cond-expr","locations":[{"start":{"line":128,"column":47},"end":{"line":128,"column":75}},{"start":{"line":128,"column":78},"end":{"line":128,"column":88}}],"line":128},"9":{"loc":{"start":{"line":133,"column":8},"end":{"line":137,"column":9}},"type":"if","locations":[{"start":{"line":133,"column":8},"end":{"line":137,"column":9}},{"start":{},"end":{}}],"line":133},"10":{"loc":{"start":{"line":157,"column":15},"end":{"line":157,"column":65}},"type":"binary-expr","locations":[{"start":{"line":157,"column":15},"end":{"line":157,"column":35}},{"start":{"line":157,"column":39},"end":{"line":157,"column":65}}],"line":157},"11":{"loc":{"start":{"line":161,"column":12},"end":{"line":164,"column":13}},"type":"if","locations":[{"start":{"line":161,"column":12},"end":{"line":164,"column":13}},{"start":{},"end":{}}],"line":161},"12":{"loc":{"start":{"line":163,"column":16},"end":{"line":163,"column":49}},"type":"if","locations":[{"start":{"line":163,"column":16},"end":{"line":163,"column":49}},{"start":{},"end":{}}],"line":163},"13":{"loc":{"start":{"line":165,"column":12},"end":{"line":165,"column":78}},"type":"if","locations":[{"start":{"line":165,"column":12},"end":{"line":165,"column":78}},{"start":{},"end":{}}],"line":165},"14":{"loc":{"start":{"line":165,"column":16},"end":{"line":165,"column":70}},"type":"binary-expr","locations":[{"start":{"line":165,"column":16},"end":{"line":165,"column":33}},{"start":{"line":165,"column":37},"end":{"line":165,"column":70}}],"line":165},"15":{"loc":{"start":{"line":168,"column":12},"end":{"line":176,"column":13}},"type":"if","locations":[{"start":{"line":168,"column":12},"end":{"line":176,"column":13}},{"start":{},"end":{}}],"line":168},"16":{"loc":{"start":{"line":168,"column":16},"end":{"line":168,"column":70}},"type":"binary-expr","locations":[{"start":{"line":168,"column":16},"end":{"line":168,"column":46}},{"start":{"line":168,"column":50},"end":{"line":168,"column":70}}],"line":168},"17":{"loc":{"start":{"line":171,"column":16},"end":{"line":173,"column":17}},"type":"if","locations":[{"start":{"line":171,"column":16},"end":{"line":173,"column":17}},{"start":{},"end":{}}],"line":171},"18":{"loc":{"start":{"line":179,"column":12},"end":{"line":185,"column":13}},"type":"if","locations":[{"start":{"line":179,"column":12},"end":{"line":185,"column":13}},{"start":{},"end":{}}],"line":179},"19":{"loc":{"start":{"line":179,"column":16},"end":{"line":179,"column":71}},"type":"binary-expr","locations":[{"start":{"line":179,"column":16},"end":{"line":179,"column":47}},{"start":{"line":179,"column":51},"end":{"line":179,"column":71}}],"line":179},"20":{"loc":{"start":{"line":180,"column":16},"end":{"line":182,"column":17}},"type":"if","locations":[{"start":{"line":180,"column":16},"end":{"line":182,"column":17}},{"start":{},"end":{}}],"line":180},"21":{"loc":{"start":{"line":191,"column":12},"end":{"line":199,"column":13}},"type":"if","locations":[{"start":{"line":191,"column":12},"end":{"line":199,"column":13}},{"start":{"line":193,"column":19},"end":{"line":199,"column":13}}],"line":191},"22":{"loc":{"start":{"line":193,"column":19},"end":{"line":199,"column":13}},"type":"if","locations":[{"start":{"line":193,"column":19},"end":{"line":199,"column":13}},{"start":{"line":195,"column":19},"end":{"line":199,"column":13}}],"line":193},"23":{"loc":{"start":{"line":195,"column":19},"end":{"line":199,"column":13}},"type":"if","locations":[{"start":{"line":195,"column":19},"end":{"line":199,"column":13}},{"start":{"line":197,"column":19},"end":{"line":199,"column":13}}],"line":195},"24":{"loc":{"start":{"line":197,"column":19},"end":{"line":199,"column":13}},"type":"if","locations":[{"start":{"line":197,"column":19},"end":{"line":199,"column":13}},{"start":{},"end":{}}],"line":197},"25":{"loc":{"start":{"line":212,"column":8},"end":{"line":214,"column":9}},"type":"if","locations":[{"start":{"line":212,"column":8},"end":{"line":214,"column":9}},{"start":{},"end":{}}],"line":212},"26":{"loc":{"start":{"line":212,"column":12},"end":{"line":212,"column":46}},"type":"binary-expr","locations":[{"start":{"line":212,"column":12},"end":{"line":212,"column":22}},{"start":{"line":212,"column":26},"end":{"line":212,"column":46}}],"line":212},"27":{"loc":{"start":{"line":216,"column":25},"end":{"line":216,"column":91}},"type":"binary-expr","locations":[{"start":{"line":216,"column":25},"end":{"line":216,"column":86}},{"start":{"line":216,"column":90},"end":{"line":216,"column":91}}],"line":216},"28":{"loc":{"start":{"line":217,"column":29},"end":{"line":217,"column":109}},"type":"binary-expr","locations":[{"start":{"line":217,"column":29},"end":{"line":217,"column":98}},{"start":{"line":217,"column":102},"end":{"line":217,"column":109}}],"line":217},"29":{"loc":{"start":{"line":225,"column":8},"end":{"line":231,"column":9}},"type":"if","locations":[{"start":{"line":225,"column":8},"end":{"line":231,"column":9}},{"start":{},"end":{}}],"line":225},"30":{"loc":{"start":{"line":228,"column":12},"end":{"line":230,"column":13}},"type":"if","locations":[{"start":{"line":228,"column":12},"end":{"line":230,"column":13}},{"start":{},"end":{}}],"line":228},"31":{"loc":{"start":{"line":233,"column":8},"end":{"line":238,"column":9}},"type":"if","locations":[{"start":{"line":233,"column":8},"end":{"line":238,"column":9}},{"start":{},"end":{}}],"line":233},"32":{"loc":{"start":{"line":235,"column":12},"end":{"line":237,"column":13}},"type":"if","locations":[{"start":{"line":235,"column":12},"end":{"line":237,"column":13}},{"start":{},"end":{}}],"line":235},"33":{"loc":{"start":{"line":235,"column":16},"end":{"line":235,"column":51}},"type":"binary-expr","locations":[{"start":{"line":235,"column":16},"end":{"line":235,"column":31}},{"start":{"line":235,"column":35},"end":{"line":235,"column":51}}],"line":235},"34":{"loc":{"start":{"line":241,"column":8},"end":{"line":251,"column":9}},"type":"if","locations":[{"start":{"line":241,"column":8},"end":{"line":251,"column":9}},{"start":{"line":246,"column":15},"end":{"line":251,"column":9}}],"line":241},"35":{"loc":{"start":{"line":243,"column":12},"end":{"line":245,"column":13}},"type":"if","locations":[{"start":{"line":243,"column":12},"end":{"line":245,"column":13}},{"start":{},"end":{}}],"line":243},"36":{"loc":{"start":{"line":246,"column":15},"end":{"line":251,"column":9}},"type":"if","locations":[{"start":{"line":246,"column":15},"end":{"line":251,"column":9}},{"start":{},"end":{}}],"line":246},"37":{"loc":{"start":{"line":248,"column":12},"end":{"line":250,"column":13}},"type":"if","locations":[{"start":{"line":248,"column":12},"end":{"line":250,"column":13}},{"start":{},"end":{}}],"line":248},"38":{"loc":{"start":{"line":260,"column":8},"end":{"line":260,"column":29}},"type":"if","locations":[{"start":{"line":260,"column":8},"end":{"line":260,"column":29}},{"start":{},"end":{}}],"line":260},"39":{"loc":{"start":{"line":264,"column":8},"end":{"line":267,"column":9}},"type":"if","locations":[{"start":{"line":264,"column":8},"end":{"line":267,"column":9}},{"start":{},"end":{}}],"line":264},"40":{"loc":{"start":{"line":270,"column":8},"end":{"line":272,"column":9}},"type":"if","locations":[{"start":{"line":270,"column":8},"end":{"line":272,"column":9}},{"start":{},"end":{}}],"line":270},"41":{"loc":{"start":{"line":275,"column":8},"end":{"line":281,"column":9}},"type":"if","locations":[{"start":{"line":275,"column":8},"end":{"line":281,"column":9}},{"start":{},"end":{}}],"line":275},"42":{"loc":{"start":{"line":279,"column":16},"end":{"line":279,"column":54}},"type":"if","locations":[{"start":{"line":279,"column":16},"end":{"line":279,"column":54}},{"start":{},"end":{}}],"line":279},"43":{"loc":{"start":{"line":284,"column":8},"end":{"line":286,"column":9}},"type":"if","locations":[{"start":{"line":284,"column":8},"end":{"line":286,"column":9}},{"start":{},"end":{}}],"line":284},"44":{"loc":{"start":{"line":289,"column":8},"end":{"line":297,"column":9}},"type":"if","locations":[{"start":{"line":289,"column":8},"end":{"line":297,"column":9}},{"start":{"line":293,"column":15},"end":{"line":297,"column":9}}],"line":289},"45":{"loc":{"start":{"line":293,"column":15},"end":{"line":297,"column":9}},"type":"if","locations":[{"start":{"line":293,"column":15},"end":{"line":297,"column":9}},{"start":{},"end":{}}],"line":293}},"s":{"0":0,"1":0,"2":0,"3":0,"4":0,"5":0,"6":0,"7":0,"8":0,"9":0,"10":0,"11":0,"12":0,"13":0,"14":0,"15":0,"16":0,"17":0,"18":0,"19":0,"20":0,"21":0,"22":0,"23":0,"24":0,"25":0,"26":0,"27":0,"28":0,"29":0,"30":0,"31":0,"32":0,"33":0,"34":0,"35":0,"36":0,"37":0,"38":0,"39":0,"40":0,"41":0,"42":0,"43":0,"44":0,"45":0,"46":0,"47":0,"48":0,"49":0,"50":0,"51":0,"52":0,"53":0,"54":0,"55":0,"56":0,"57":0,"58":0,"59":0,"60":0,"61":0,"62":0,"63":0,"64":0,"65":0,"66":0,"67":0,"68":0,"69":0,"70":0,"71":0,"72":0,"73":0,"74":0,"75":0,"76":0,"77":0,"78":0,"79":0,"80":0,"81":0,"82":0,"83":0,"84":0,"85":0,"86":0,"87":0,"88":0,"89":0,"90":0,"91":0,"92":0,"93"
[...]
:{"line":209,"column":13}},{"start":{},"end":{}}],"line":207},"10":{"loc":{"start":{"line":207,"column":16},"end":{"line":207,"column":46}},"type":"binary-expr","locations":[{"start":{"line":207,"column":16},"end":{"line":207,"column":32}},{"start":{"line":207,"column":36},"end":{"line":207,"column":46}}],"line":207},"11":{"loc":{"start":{"line":214,"column":12},"end":{"line":216,"column":13}},"type":"if","locations":[{"start":{"line":214,"column":12},"end":{"line":216,"column":13}},{"start":{},"end":{}}],"line":214},"12":{"loc":{"start":{"line":214,"column":16},"end":{"line":214,"column":46}},"type":"binary-expr","locations":[{"start":{"line":214,"column":16},"end":{"line":214,"column":32}},{"start":{"line":214,"column":36},"end":{"line":214,"column":46}}],"line":214},"13":{"loc":{"start":{"line":224,"column":8},"end":{"line":228,"column":9}},"type":"if","locations":[{"start":{"line":224,"column":8},"end":{"line":228,"column":9}},{"start":{},"end":{}}],"line":224},"14":{"loc":{"start":{"line":262,"column":19},"end":{"line":262,"column":49}},"type":"cond-expr","locations":[{"start":{"line":262,"column":27},"end":{"line":262,"column":44}},{"start":{"line":262,"column":47},"end":{"line":262,"column":49}}],"line":262},"15":{"loc":{"start":{"line":274,"column":8},"end":{"line":277,"column":9}},"type":"if","locations":[{"start":{"line":274,"column":8},"end":{"line":277,"column":9}},{"start":{},"end":{}}],"line":274},"16":{"loc":{"start":{"line":285,"column":37},"end":{"line":285,"column":48}},"type":"default-arg","locations":[{"start":{"line":285,"column":44},"end":{"line":285,"column":48}}],"line":285},"17":{"loc":{"start":{"line":322,"column":8},"end":{"line":325,"column":9}},"type":"if","locations":[{"start":{"line":322,"column":8},"end":{"line":325,"column":9}},{"start":{},"end":{}}],"line":322},"18":{"loc":{"start":{"line":328,"column":8},"end":{"line":332,"column":9}},"type":"if","locations":[{"start":{"line":328,"column":8},"end":{"line":332,"column":9}},{"start":{},"end":{}}],"line":328},"19":{"loc":{"start":{"line":362,"column":31},"end":{"line":362,"column":47}},"type":"default-arg","locations":[{"start":{"line":362,"column":46},"end":{"line":362,"column":47}}],"line":362},"20":{"loc":{"start":{"line":381,"column":12},"end":{"line":383,"column":13}},"type":"if","locations":[{"start":{"line":381,"column":12},"end":{"line":383,"column":13}},{"start":{},"end":{}}],"line":381},"21":{"loc":{"start":{"line":394,"column":12},"end":{"line":396,"column":13}},"type":"if","locations":[{"start":{"line":394,"column":12},"end":{"line":396,"column":13}},{"start":{},"end":{}}],"line":394},"22":{"loc":{"start":{"line":407,"column":12},"end":{"line":410,"column":13}},"type":"if","locations":[{"start":{"line":407,"column":12},"end":{"line":410,"column":13}},{"start":{},"end":{}}],"line":407},"23":{"loc":{"start":{"line":416,"column":12},"end":{"line":422,"column":13}},"type":"if","locations":[{"start":{"line":416,"column":12},"end":{"line":422,"column":13}},{"start":{},"end":{}}],"line":416},"24":{"loc":{"start":{"line":419,"column":16},"end":{"line":421,"column":17}},"type":"if","locations":[{"start":{"line":419,"column":16},"end":{"line":421,"column":17}},{"start":{},"end":{}}],"line":419},"25":{"loc":{"start":{"line":419,"column":20},"end":{"line":419,"column":52}},"type":"binary-expr","locations":[{"start":{"line":419,"column":20},"end":{"line":419,"column":29}},{"start":{"line":419,"column":33},"end":{"line":419,"column":52}}],"line":419},"26":{"loc":{"start":{"line":428,"column":12},"end":{"line":432,"column":13}},"type":"if","locations":[{"start":{"line":428,"column":12},"end":{"line":432,"column":13}},{"start":{},"end":{}}],"line":428}},"s":{"0":0,"1":0,"2":0,"3":0,"4":0,"5":0,"6":0,"7":0,"8":0,"9":0,"10":0,"11":0,"12":0,"13":0,"14":0,"15":0,"16":0,"17":0,"18":0,"19":0,"20":0,"21":0,"22":0,"23":0,"24":0,"25":0,"26":0,"27":0,"28":0,"29":0,"30":0,"31":0,"32":0,"33":0,"34":0,"35":0,"36":0,"37":0,"38":0,"39":0,"40":0,"41":0,"42":0,"43":0,"44":0,"45":0,"46":0,"47":0,"48":0,"49":0,"50":0,"51":0,"52":0,"53":0,"54":0,"55":0,"56":0,"57":0,"58":0,"59":0,"60":0,"61":0,"62":0,"63":0,"64":0,"65":0,"66":0,"67":0,"68":0,"69":0,"70":0,"71":0,"72":0,"73":0,"74":0,"75":0,"76":0,"77":0,"78":0,"79":0,"80":0,"81":0,"82":0,"83":0,"84":0,"85":0,"86":0,"87":0,"88":0,"89":0,"90":0,"91":0,"92":0,"93":0,"94":0,"95":0,"96":0,"97":0,"98":0,"99":0,"100":0,"101":0,"102":0,"103":0,"104":0,"105":0,"106":0,"107":0,"108":0,"109":0,"110":0,"111":0,"112":0,"113":0,"114":0,"115":0,"116":0,"117":0,"118":0,"119":0,"120":0,"121":0,"122":0,"123":0,"124":0,"125":0,"126":0,"127":0,"128":0,"129":0},"f":{"0":0,"1":0,"2":0,"3":0,"4":0,"5":0,"6":0,"7":0,"8":0,"9":0,"10":0,"11":0,"12":0,"13":0,"14":0,"15":0,"16":0,"17":0,"18":0,"19":0,"20":0,"21":0,"22":0,"23":0,"24":0,"25":0,"26":0,"27":0,"28":0,"29":0},"b":{"0":[0,0],"1":[0,0],"2":[0,0],"3":[0,0],"4":[0,0],"5":[0,0],"6":[0,0],"7":[0,0],"8":[0,0],"9":[0,0],"10":[0,0],"11":[0,0],"12":[0,0],"13":[0,0],"14":[0,0],"15":[0,0],"16":[0],"17":[0,0],"18":[0,0],"19":[0],"20":[0,0],"21":[0,0],"22":[0,0],"23":[0,0],"24":[0,0],"25":[0,0],"26":[0,0]}}
,"/Users/mini/Documents/Projects/ProjectReminder/public/js/voice-recorder.js": {"path":"/Users/mini/Documents/Projects/ProjectReminder/public/js/voice-recorder.js","statementMap":{"0":{"start":{"line":13,"column":8},"end":{"line":13,"column":34}},"1":{"start":{"line":14,"column":8},"end":{"line":14,"column":30}},"2":{"start":{"line":15,"column":8},"end":{"line":15,"column":27}},"3":{"start":{"line":16,"column":8},"end":{"line":16,"column":35}},"4":{"start":{"line":17,"column":8},"end":{"line":17,"column":30}},"5":{"start":{"line":18,"column":8},"end":{"line":18,"column":56}},"6":{"start":{"line":19,"column":8},"end":{"line":19,"column":34}},"7":{"start":{"line":22,"column":8},"end":{"line":22,"column":65}},"8":{"start":{"line":23,"column":8},"end":{"line":23,"column":63}},"9":{"start":{"line":24,"column":8},"end":{"line":24,"column":67}},"10":{"start":{"line":25,"column":8},"end":{"line":25,"column":47}},"11":{"start":{"line":32,"column":8},"end":{"line":34,"column":39}},"12":{"start":{"line":41,"column":22},"end":{"line":46,"column":9}},"13":{"start":{"line":48,"column":8},"end":{"line":52,"column":9}},"14":{"start":{"line":49,"column":12},"end":{"line":51,"column":13}},"15":{"start":{"line":50,"column":16},"end":{"line":50,"column":28}},"16":{"start":{"line":54,"column":8},"end":{"line":54,"column":62}},"17":{"start":{"line":61,"column":8},"end":{"line":171,"column":9}},"18":{"start":{"line":63,"column":12},"end":{"line":65,"column":13}},"19":{"start":{"line":64,"column":16},"end":{"line":64,"column":81}},"20":{"start":{"line":68,"column":12},"end":{"line":76,"column":15}},"21":{"start":{"line":79,"column":29},"end":{"line":79,"column":56}},"22":{"start":{"line":82,"column":12},"end":{"line":85,"column":15}},"23":{"start":{"line":88,"column":12},"end":{"line":88,"column":34}},"24":{"start":{"line":89,"column":12},"end":{"line":93,"column":14}},"25":{"start":{"line":90,"column":16},"end":{"line":92,"column":17}},"26":{"start":{"line":91,"column":20},"end":{"line":91,"column":54}},"27":{"start":{"line":96,"column":12},"end":{"line":120,"column":14}},"28":{"start":{"line":97,"column":34},"end":{"line":97,"column":80}},"29":{"start":{"line":100,"column":16},"end":{"line":103,"column":17}},"30":{"start":{"line":101,"column":20},"end":{"line":101,"column":75}},"31":{"start":{"line":101,"column":61},"end":{"line":101,"column":73}},"32":{"start":{"line":102,"column":20},"end":{"line":102,"column":39}},"33":{"start":{"line":106,"column":16},"end":{"line":109,"column":17}},"34":{"start":{"line":107,"column":20},"end":{"line":107,"column":54}},"35":{"start":{"line":108,"column":20},"end":{"line":108,"column":47}},"36":{"start":{"line":111,"column":16},"end":{"line":114,"column":17}},"37":{"start":{"line":112,"column":20},"end":{"line":112,"column":54}},"38":{"start":{"line":113,"column":20},"end":{"line":113,"column":46}},"39":{"start":{"line":117,"column":16},"end":{"line":119,"column":17}},"40":{"start":{"line":118,"column":20},"end":{"line":118,"column":52}},"41":{"start":{"line":123,"column":12},"end":{"line":128,"column":14}},"42":{"start":{"line":124,"column":16},"end":{"line":124,"column":61}},"43":{"start":{"line":125,"column":16},"end":{"line":127,"column":17}},"44":{"start":{"line":126,"column":20},"end":{"line":126,"column":70}},"45":{"start":{"line":131,"column":12},"end":{"line":131,"column":39}},"46":{"start":{"line":132,"column":12},"end":{"line":132,"column":40}},"47":{"start":{"line":135,"column":12},"end":{"line":137,"column":33}},"48":{"start":{"line":136,"column":16},"end":{"line":136,"column":37}},"49":{"start":{"line":140,"column":12},"end":{"line":142,"column":13}},"50":{"start":{"line":141,"column":16},"end":{"line":141,"column":40}},"51":{"start":{"line":145,"column":12},"end":{"line":150,"column":20}},"52":{"start":{"line":146,"column":16},"end":{"line":149,"column":17}},"53":{"start":{"line":147,"column":36},"end":{"line":147,"column":63}},"54":{"start":{"line":148,"column":20},"end":{"line":148,"column":52}},"55":{"start":{"line":154,"column":31},"end":{"line":154,"column":60}},"56":{"start":{"line":156,"column":12},"end":{"line":164,"column":13}},"57":{"start":{"line":157,"column":16},"end":{"line":157,"column":121}},"58":{"start":{"line":158,"column":19},"end":{"line":164,"column":13}},"59":{"start":{"line":159,"column":16},"end":{"line":159,"column":86}},"60":{"start":{"line":160,"column":19},"end":{"line":164,"column":13}},"61":{"start":{"line":161,"column":16},"end":{"line":161,"column":76}},"62":{"start":{"line":163,"column":16},"end":{"line":163,"column":68}},"63":{"start":{"line":166,"column":12},"end":{"line":166,"column":40}},"64":{"start":{"line":168,"column":12},"end":{"line":170,"column":13}},"65":{"start":{"line":169,"column":16},"end":{"line":169,"column":43}},"66":{"start":{"line":178,"column":8},"end":{"line":186,"column":9}},"67":{"start":{"line":179,"column":12},"end":{"line":179,"column":38}},"68":{"start":{"line":182,"column":12},"end":{"line":185,"column":13}},"69":{"start":{"line":183,"column":16},"end":{"line":183,"column":50}},"70":{"start":{"line":184,"column":16},"end":{"line":184,"column":42}},"71":{"start":{"line":193,"column":8},"end":{"line":193,"column":78}},"72":{"start":{"line":198,"column":0},"end":{"line":198,"column":37}},"73":{"start":{"line":199,"column":0},"end":{"line":201,"column":1}},"74":{"start":{"line":200,"column":4},"end":{"line":200,"column":35}}},"fnMap":{"0":{"name":"(anonymous_0)","decl":{"start":{"line":12,"column":4},"end":{"line":12,"column":5}},"loc":{"start":{"line":12,"column":30},"end":{"line":26,"column":5}},"line":12},"1":{"name":"(anonymous_1)","decl":{"start":{"line":31,"column":4},"end":{"line":31,"column":5}},"loc":{"start":{"line":31,"column":25},"end":{"line":35,"column":5}},"line":31},"2":{"name":"(anonymous_2)","decl":{"start":{"line":40,"column":4},"end":{"line":40,"column":5}},"loc":{"start":{"line":40,"column":27},"end":{"line":55,"column":5}},"line":40},"3":{"name":"(anonymous_3)","decl":{"start":{"line":60,"column":4},"end":{"line":60,"column":5}},"loc":{"start":{"line":60,"column":27},"end":{"line":172,"column":5}},"line":60},"4":{"name":"(anonymous_4)","decl":{"start":{"line":89,"column":49},"end":{"line":89,"column":50}},"loc":{"start":{"line":89,"column":60},"end":{"line":93,"column":13}},"line":89},"5":{"name":"(anonymous_5)","decl":{"start":{"line":96,"column":40},"end":{"line":96,"column":41}},"loc":{"start":{"line":96,"column":46},"end":{"line":120,"column":13}},"line":96},"6":{"name":"(anonymous_6)","decl":{"start":{"line":101,"column":52},"end":{"line":101,"column":53}},"loc":{"start":{"line":101,"column":61},"end":{"line":101,"column":73}},"line":101},"7":{"name":"(anonymous_7)","decl":{"start":{"line":123,"column":41},"end":{"line":123,"column":42}},"loc":{"start":{"line":123,"column":52},"end":{"line":128,"column":13}},"line":123},"8":{"name":"(anonymous_8)","decl":{"start":{"line":135,"column":45},"end":{"line":135,"column":46}},"loc":{"start":{"line":135,"column":51},"end":{"line":137,"column":13}},"line":135},"9":{"name":"(anonymous_9)","decl":{"start":{"line":145,"column":45},"end":{"line":145,"column":46}},"loc":{"start":{"line":145,"column":51},"end":{"line":150,"column":13}},"line":145},"10":{"name":"(anonymous_10)","decl":{"start":{"line":177,"column":4},"end":{"line":177,"column":5}},"loc":{"start":{"line":177,"column":20},"end":{"line":187,"column":5}},"line":177},"11":{"name":"(anonymous_11)","decl":{"start":{"line":192,"column":4},"end":{"line":192,"column":5}},"loc":{"start":{"line":192,"column":18},"end":{"line":194,"column":5}},"line":192}},"branchMap":{"0":{"loc":{"start":{"line":12,"column":16},"end":{"line":12,"column":28}},"type":"default-arg","locations":[{"start":{"line":12,"column":26},"end":{"line":12,"column":28}}],"line":12},"1":{"loc":{"start":{"line":18,"column":27},"end":{"line":18,"column":55}},"type":"binary-expr","locations":[{"start":{"line":18,"column":27},"end":{"line":18,"column":46}},{"start":{"line":18,"column":50},"end":{"line":18,"column":55}}],"line":18},"2":{"loc":{"start":{"line":22,"column":32},"end":{"line":22,"column":64}},"type":"binary-expr","locations":[{"start":{"line":22,"column":32},"end":{"line":22,"column":56}},{"start":{"line":22,"column":60},"end":{"line":22,"column":64}}],"line":22},"3":{"loc":{"start":{"line":23,"column":31},"end":{"line":23,"column":62}},"type":"binary-expr","locations":[{"start":{"line":23,"column":31},"end":{"line":23,"column":54}},{"start":{"line":23,"column":58},"end":{"line":23,"column":62}}],"line":23},"4":{"loc":{"start":{"line":24,"column":33},"end":{"line":24,"column":66}},"type":"binary-expr","locations":[{"start":{"line":24,"column":33},"end":{"line":24,"column":58}},{"start":{"line":24,"column":62},"end":{"line":24,"column":66}}],"line":24},"5":{"loc":{"start":{"line":25,"column":23},"end":{"line":25,"column":46}},"type":"binary-expr","locations":[{"start":{"line":25,"column":23},"end":{"line":25,"column":38}},{"start":{"line":25,"column":42},"end":{"line":25,"column":46}}],"line":25},"6":{"loc":{"start":{"line":32,"column":18},"end":{"line":34,"column":37}},"type":"binary-expr","locations":[{"start":{"line":32,"column":18},"end":{"line":32,"column":40}},{"start":{"line":33,"column":17},"end":{"line":33,"column":52}},{"start":{"line":34,"column":17},"end":{"line":34,"column":37}}],"line":32},"7":{"loc":{"start":{"line":49,"column":12},"end":{"line":51,"column":13}},"type":"if","locations":[{"start":{"line":49,"column":12},"end":{"line":51,"column":13}},{"start":{},"end":{}}],"line":49},"8":{"loc":{"start":{"line":63,"column":12},"end":{"line":65,"column":13}},"type":"if","locations":[{"start":{"line":63,"column":12},"end":{"line":65,"column":13}},{"start":{},"end":{}}],"line":63},"9":{"loc":{"start":{"line":90,"column":16},"end":{"line":92,"column":17}},"type":"if","locations":[{"start":{"line":90,"column":16},"end":{"line":92,"column":17}},{"start":{},"end":{}}],"line":90},"10":{"loc":{"start":{"line":100,"column":16},"end":{"line":103,"column":17}},"type":"if","locations":[{"start":{"line":100,"column":16},"end":{"line":103,"column":17}},{"start":{},"end":{}}],"line":100},"11":{"loc":{"start":{"line":106,"column":16},"end":{"line":109,"column":17}},"type":"if","locations":[{"start":{"line":106,"column":16},"end":{"line":109,"column":17}},{"start":{},"end":{}}],"line":106},"12":{"loc":{"start":{"line":111,"column":16},"end":{"line":114,"column":17}},"type":"if","locations":[{"start":{"line":111,"column":16},"end":{"line":114,"column":17}},{"start":{},"end":{}}],"line":111},"13":{"loc":{"start":{"line":117,"column":16},"end":{"line":119,"column":17}},"type":"if","locations":[{"start":{"line":117,"column":16},"end":{"line":119,"column":17}},{"start":{},"end":{}}],"line":117},"14":{"loc":{"start":{"line":125,"column":16},"end":{"line":127,"column":17}},"type":"if","locations":[{"start":{"line":125,"column":16},"end":{"line":127,"column":17}},{"start":{},"end":{}}],"line":125},"15":{"loc":{"start":{"line":140,"column":12},"end":{"line":142,"column":13}},"type":"if","locations":[{"start":{"line":140,"column":12},"end":{"line":142,"column":13}},{"start":{},"end":{}}],"line":140},"16":{"loc":{"start":{"line":146,"column":16},"end":{"line":149,"column":17}},"type":"if","locations":[{"start":{"line":146,"column":16},"end":{"line":149,"column":17}},{"start":{},"end":{}}],"line":146},"17":{"loc":{"start":{"line":146,"column":20},"end":{"line":146,"column":60}},"type":"binary-expr","locations":[{"start":{"line":146,"column":20},"end":{"line":146,"column":34}},{"start":{"line":146,"column":38},"end":{"line":146,"column":60}}],"line":146},"18":{"loc":{"start":{"line":156,"column":12},"end":{"line":164,"column":13}},"type":"if","locations":[{"start":{"line":156,"column":12},"end":{"line":164,"column":13}},{"start":{"line":158,"column":19},"end":{"line":164,"column":13}}],"line":156},"19":{"loc":{"start":{"line":158,"column":19},"end":{"line":164,"column":13}},"type":"if","locations":[{"start":{"line":158,"column":19},"end":{"line":164,"column":13}},{"start":{"line":160,"column":19},"end":{"line":164,"column":13}}],"line":158},"20":{"loc":{"start":{"line":160,"column":19},"end":{"line":164,"column":13}},"type":"if","locations":[{"start":{"line":160,"column":19},"end":{"line":164,"column":13}},{"start":{"line":162,"column":19},"end":{"line":164,"column":13}}],"line":160},"21":{"loc":{"start":{"line":168,"column":12},"end":{"line":170,"column":13}},"type":"if","locations":[{"start":{"line":168,"column":12},"end":{"line":170,"column":13}},{"start":{},"end":{}}],"line":168},"22":{"loc":{"start":{"line":178,"column":8},"end":{"line":186,"column":9}},"type":"if","locations":[{"start":{"line":178,"column":8},"end":{"line":186,"column":9}},{"start":{},"end":{}}],"line":178},"23":{"loc":{"start":{"line":178,"column":12},"end":{"line":178,"column":74}},"type":"binary-expr","locations":[{"start":{"line":178,"column":12},"end":{"line":178,"column":30}},{"start":{"line":178,"column":34},"end":{"line":178,"column":74}}],"line":178},"24":{"loc":{"start":{"line":182,"column":12},"end":{"line":185,"column":13}},"type":"if","locations":[{"start":{"line":182,"column":12},"end":{"line":185,"column":13}},{"start":{},"end":{}}],"line":182},"25":{"loc":{"start":{"line":193,"column":15},"end":{"line":193,"column":77}},"type":"binary-expr","locations":[{"start":{"line":193,"column":15},"end":{"line":193,"column":33}},{"start":{"line":193,"column":37},"end":{"line":193,"column":77}}],"line":193},"26":{"loc":{"start":{"line":199,"column":0},"end":{"line":201,"column":1}},"type":"if","locations":[{"start":{"line":199,"column":0},"end":{"line":201,"column":1}},{"start":{},"end":{}}],"line":199},"27":{"loc":{"start":{"line":199,"column":4},"end":{"line":199,"column":51}},"type":"binary-expr","locations":[{"start":{"line":199,"column":4},"end":{"line":199,"column":33}},{"start":{"line":199,"column":37},"end":{"line":199,"column":51}}],"line":199}},"s":{"0":0,"1":0,"2":0,"3":0,"4":0,"5":0,"6":0,"7":0,"8":0,"9":0,"10":0,"11":0,"12":0,"13":0,"14":0,"15":0,"16":0,"17":0,"18":0,"19":0,"20":0,"21":0,"22":0,"23":0,"24":0,"25":0,"26":0,"27":0,"28":0,"29":0,"30":0,"31":0,"32":0,"33":0,"34":0,"35":0,"36":0,"37":0,"38":0,"39":0,"40":0,"41":0,"42":0,"43":0,"44":0,"45":0,"46":0,"47":0,"48":0,"49":0,"50":0,"51":0,"52":0,"53":0,"54":0,"55":0,"56":0,"57":0,"58":0,"59":0,"60":0,"61":0,"62":0,"63":0,"64":0,"65":0,"66":0,"67":0,"68":0,"69":0,"70":0,"71":0,"72":0,"73":0,"74":0},"f":{"0":0,"1":0,"2":0,"3":0,"4":0,"5":0,"6":0,"7":0,"8":0,"9":0,"10":0,"11":0},"b":{"0":[0],"1":[0,0],"2":[0,0],"3":[0,0],"4":[0,0],"5":[0,0],"6":[0,0,0],"7":[0,0],"8":[0,0],"9":[0,0],"10":[0,0],"11":[0,0],"12":[0,0],"13":[0,0],"14":[0,0],"15":[0,0],"16":[0,0],"17":[0,0],"18":[0,0],"19":[0,0],"20":[0,0],"21":[0,0],"22":[0,0],"23":[0,0],"24":[0,0],"25":[0,0],"26":[0,0],"27":[0,0]}}
}
