TN:
SF:public/js/api.js
FN:6,(anonymous_0)
FN:14,init
FN:22,getEndpoint
FN:39,getHeaders
FN:54,normalizeTimeFormat
FN:72,request
FN:107,getReminders
FN:136,getReminder
FN:157,createReminder
FN:188,updateReminder
FN:218,deleteReminder
FN:243,completeReminder
FN:261,getTodayReminders
FN:274,(anonymous_13)
FN:301,getUpcomingReminders
FN:313,(anonymous_15)
FN:321,(anonymous_16)
FN:351,getFutureReminders
FN:363,(anonymous_18)
FN:370,(anonymous_19)
FN:391,healthCheck
FN:409,getNearbyReminders
FN:432,transcribeAudio
FN:446,(anonymous_23)
FNF:24
FNH:0
FNDA:0,(anonymous_0)
FNDA:0,init
FNDA:0,getEndpoint
FNDA:0,getHeaders
FNDA:0,normalizeTimeFormat
FNDA:0,request
FNDA:0,getReminders
FNDA:0,getReminder
FNDA:0,createReminder
FNDA:0,updateReminder
FNDA:0,deleteReminder
FNDA:0,completeReminder
FNDA:0,getTodayReminders
FNDA:0,(anonymous_13)
FNDA:0,getUpcomingReminders
FNDA:0,(anonymous_15)
FNDA:0,(anonymous_16)
FNDA:0,getFutureReminders
FNDA:0,(anonymous_18)
FNDA:0,(anonymous_19)
FNDA:0,healthCheck
FNDA:0,getNearbyReminders
FNDA:0,transcribeAudio
FNDA:0,(anonymous_23)
DA:6,0
DA:9,0
DA:15,0
DA:16,0
DA:23,0
DA:25,0
DA:26,0
DA:27,0
DA:28,0
DA:30,0
DA:31,0
DA:33,0
DA:40,0
DA:43,0
DA:44,0
DA:46,0
DA:55,0
DA:58,0
DA:59,0
DA:62,0
DA:73,0
DA:74,0
DA:79,0
DA:80,0
DA:83,0
DA:84,0
DA:87,0
DA:88,0
DA:92,0
DA:93,0
DA:96,0
DA:97,0
DA:98,0
DA:108,0
DA:110,0
DA:111,0
DA:112,0
DA:113,0
DA:115,0
DA:116,0
DA:118,0
DA:122,0
DA:125,0
DA:126,0
DA:127,0
DA:137,0
DA:138,0
DA:139,0
DA:142,0
DA:143,0
DA:146,0
DA:147,0
DA:148,0
DA:158,0
DA:160,0
DA:165,0
DA:168,0
DA:169,0
DA:172,0
DA:173,0
DA:176,0
DA:177,0
DA:178,0
DA:189,0
DA:191,0
DA:196,0
DA:199,0
DA:200,0
DA:203,0
DA:204,0
DA:207,0
DA:208,0
DA:209,0
DA:219,0
DA:220,0
DA:223,0
DA:224,0
DA:227,0
DA:228,0
DA:231,0
DA:232,0
DA:233,0
DA:244,0
DA:246,0
DA:247,0
DA:248,0
DA:251,0
DA:252,0
DA:253,0
DA:262,0
DA:264,0
DA:265,0
DA:267,0
DA:270,0
DA:271,0
DA:272,0
DA:274,0
DA:275,0
DA:276,0
DA:277,0
DA:278,0
DA:279,0
DA:280,0
DA:284,0
DA:291,0
DA:292,0
DA:293,0
DA:302,0
DA:304,0
DA:305,0
DA:307,0
DA:308,0
DA:309,0
DA:310,0
DA:313,0
DA:314,0
DA:315,0
DA:316,0
DA:317,0
DA:321,0
DA:322,0
DA:323,0
DA:326,0
DA:327,0
DA:328,0
DA:331,0
DA:332,0
DA:335,0
DA:338,0
DA:341,0
DA:342,0
DA:343,0
DA:352,0
DA:354,0
DA:355,0
DA:357,0
DA:358,0
DA:359,0
DA:360,0
DA:363,0
DA:364,0
DA:365,0
DA:366,0
DA:370,0
DA:371,0
DA:372,0
DA:374,0
DA:375,0
DA:378,0
DA:381,0
DA:382,0
DA:383,0
DA:392,0
DA:393,0
DA:394,0
DA:396,0
DA:397,0
DA:398,0
DA:410,0
DA:411,0
DA:413,0
DA:418,0
DA:419,0
DA:420,0
DA:423,0
DA:424,0
DA:433,0
DA:434,0
DA:436,0
DA:437,0
DA:445,0
DA:446,0
DA:447,0
DA:450,0
DA:452,0
DA:453,0
DA:458,0
DA:477,0
LF:178
LH:0
BRDA:23,0,0,0
BRDA:23,0,1,0
BRDA:26,1,0,0
BRDA:26,1,1,0
BRDA:28,2,0,0
BRDA:28,2,1,0
BRDA:33,3,0,0
BRDA:33,3,1,0
BRDA:43,4,0,0
BRDA:43,4,1,0
BRDA:43,5,0,0
BRDA:43,5,1,0
BRDA:55,6,0,0
BRDA:55,6,1,0
BRDA:58,7,0,0
BRDA:58,7,1,0
BRDA:72,8,0,0
BRDA:79,9,0,0
BRDA:79,9,1,0
BRDA:87,10,0,0
BRDA:87,10,1,0
BRDA:107,11,0,0
BRDA:111,12,0,0
BRDA:111,12,1,0
BRDA:112,13,0,0
BRDA:112,13,1,0
BRDA:113,14,0,0
BRDA:113,14,1,0
BRDA:116,15,0,0
BRDA:116,15,1,0
BRDA:122,16,0,0
BRDA:122,16,1,0
BRDA:142,17,0,0
BRDA:142,17,1,0
BRDA:168,18,0,0
BRDA:168,18,1,0
BRDA:168,19,0,0
BRDA:168,19,1,0
BRDA:193,20,0,0
BRDA:193,20,1,0
BRDA:199,21,0,0
BRDA:199,21,1,0
BRDA:199,22,0,0
BRDA:199,22,1,0
BRDA:223,23,0,0
BRDA:223,23,1,0
BRDA:265,24,0,0
BRDA:265,24,1,0
BRDA:275,25,0,0
BRDA:275,25,1,0
BRDA:277,26,0,0
BRDA:277,26,1,0
BRDA:279,27,0,0
BRDA:279,27,1,0
BRDA:305,28,0,0
BRDA:305,28,1,0
BRDA:314,29,0,0
BRDA:314,29,1,0
BRDA:315,30,0,0
BRDA:315,30,1,0
BRDA:316,31,0,0
BRDA:316,31,1,0
BRDA:323,32,0,0
BRDA:323,32,1,0
BRDA:328,33,0,0
BRDA:328,33,1,0
BRDA:331,34,0,0
BRDA:331,34,1,0
BRDA:331,35,0,0
BRDA:331,35,1,0
BRDA:355,36,0,0
BRDA:355,36,1,0
BRDA:364,37,0,0
BRDA:364,37,1,0
BRDA:365,38,0,0
BRDA:365,38,1,0
BRDA:372,39,0,0
BRDA:372,39,1,0
BRDA:409,40,0,0
BRDA:418,41,0,0
BRDA:418,41,1,0
BRDA:420,42,0,0
BRDA:420,42,1,0
BRDA:424,43,0,0
BRDA:424,43,1,0
BRDA:445,44,0,0
BRDA:445,44,1,0
BRDA:447,45,0,0
BRDA:447,45,1,0
BRF:89
BRH:0
end_of_record
TN:
SF:public/js/errors.js
FN:11,(anonymous_0)
FN:18,(anonymous_1)
FN:35,(anonymous_2)
FN:63,(anonymous_3)
FN:75,(anonymous_4)
FN:79,(anonymous_5)
FN:92,(anonymous_6)
FN:99,(anonymous_7)
FN:103,(anonymous_8)
FN:112,(anonymous_9)
FN:131,(anonymous_10)
FN:132,(anonymous_11)
FN:145,showToast
FN:153,showError
FN:162,showSuccess
FN:170,showWarning
FN:178,showInfo
FN:187,formatErrorMessage
FN:252,withRetry
FN:321,sleep
FN:322,(anonymous_20)
FN:332,fetchWithRetry
FN:334,(anonymous_22)
FN:364,(anonymous_23)
FN:379,safeJsonParse
FNF:25
FNH:0
FNDA:0,(anonymous_0)
FNDA:0,(anonymous_1)
FNDA:0,(anonymous_2)
FNDA:0,(anonymous_3)
FNDA:0,(anonymous_4)
FNDA:0,(anonymous_5)
FNDA:0,(anonymous_6)
FNDA:0,(anonymous_7)
FNDA:0,(anonymous_8)
FNDA:0,(anonymous_9)
FNDA:0,(anonymous_10)
FNDA:0,(anonymous_11)
FNDA:0,showToast
FNDA:0,showError
FNDA:0,showSuccess
FNDA:0,showWarning
FNDA:0,showInfo
FNDA:0,formatErrorMessage
FNDA:0,withRetry
FNDA:0,sleep
FNDA:0,(anonymous_20)
FNDA:0,fetchWithRetry
FNDA:0,(anonymous_22)
FNDA:0,(anonymous_23)
FNDA:0,safeJsonParse
DA:12,0
DA:13,0
DA:14,0
DA:15,0
DA:20,0
DA:21,0
DA:22,0
DA:23,0
DA:24,0
DA:25,0
DA:37,0
DA:42,0
DA:43,0
DA:44,0
DA:48,0
DA:49,0
DA:50,0
DA:51,0
DA:54,0
DA:55,0
DA:56,0
DA:57,0
DA:59,0
DA:60,0
DA:61,0
DA:62,0
DA:63,0
DA:66,0
DA:67,0
DA:68,0
DA:71,0
DA:72,0
DA:75,0
DA:78,0
DA:79,0
DA:83,0
DA:85,0
DA:93,0
DA:96,0
DA:97,0
DA:99,0
DA:100,0
DA:101,0
DA:103,0
DA:113,0
DA:114,0
DA:115,0
DA:117,0
DA:124,0
DA:125,0
DA:132,0
DA:137,0
DA:146,0
DA:154,0
DA:155,0
DA:163,0
DA:171,0
DA:179,0
DA:189,0
DA:190,0
DA:194,0
DA:195,0
DA:199,0
DA:200,0
DA:204,0
DA:205,0
DA:209,0
DA:210,0
DA:214,0
DA:215,0
DA:219,0
DA:220,0
DA:224,0
DA:225,0
DA:229,0
DA:230,0
DA:234,0
DA:235,0
DA:236,0
DA:237,0
DA:243,0
DA:260,0
DA:263,0
DA:265,0
DA:266,0
DA:267,0
DA:270,0
DA:271,0
DA:274,0
DA:276,0
DA:279,0
DA:282,0
DA:283,0
DA:284,0
DA:288,0
DA:289,0
DA:290,0
DA:294,0
DA:295,0
DA:297,0
DA:301,0
DA:302,0
DA:303,0
DA:306,0
DA:311,0
DA:312,0
DA:313,0
DA:322,0
DA:333,0
DA:335,0
DA:338,0
DA:340,0
DA:341,0
DA:342,0
DA:343,0
DA:344,0
DA:350,0
DA:351,0
DA:352,0
DA:353,0
DA:356,0
DA:365,0
DA:366,0
DA:367,0
DA:380,0
DA:381,0
DA:383,0
DA:384,0
DA:389,0
DA:390,0
LF:130
LH:0
BRDA:21,0,0,0
BRDA:21,0,1,0
BRDA:35,1,0,0
BRDA:35,2,0,0
BRDA:37,3,0,0
BRDA:37,3,1,0
BRDA:42,4,0,0
BRDA:42,4,1,0
BRDA:78,5,0,0
BRDA:78,5,1,0
BRDA:93,6,0,0
BRDA:93,6,1,0
BRDA:93,7,0,0
BRDA:93,7,1,0
BRDA:100,8,0,0
BRDA:100,8,1,0
BRDA:124,9,0,0
BRDA:124,9,1,0
BRDA:145,10,0,0
BRDA:145,11,0,0
BRDA:189,12,0,0
BRDA:189,12,1,0
BRDA:194,13,0,0
BRDA:194,13,1,0
BRDA:199,14,0,0
BRDA:199,14,1,0
BRDA:204,15,0,0
BRDA:204,15,1,0
BRDA:209,16,0,0
BRDA:209,16,1,0
BRDA:214,17,0,0
BRDA:214,17,1,0
BRDA:214,18,0,0
BRDA:214,18,1,0
BRDA:219,19,0,0
BRDA:219,19,1,0
BRDA:220,20,0,0
BRDA:220,20,1,0
BRDA:224,21,0,0
BRDA:224,21,1,0
BRDA:229,22,0,0
BRDA:229,22,1,0
BRDA:236,23,0,0
BRDA:236,23,1,0
BRDA:252,24,0,0
BRDA:254,25,0,0
BRDA:255,26,0,0
BRDA:256,27,0,0
BRDA:257,28,0,0
BRDA:258,29,0,0
BRDA:259,30,0,0
BRDA:270,31,0,0
BRDA:270,31,1,0
BRDA:282,32,0,0
BRDA:282,32,1,0
BRDA:282,33,0,0
BRDA:282,33,1,0
BRDA:288,34,0,0
BRDA:288,34,1,0
BRDA:294,35,0,0
BRDA:294,35,1,0
BRDA:332,36,0,0
BRDA:332,37,0,0
BRDA:338,38,0,0
BRDA:338,38,1,0
BRDA:343,39,0,0
BRDA:343,39,1,0
BRDA:365,40,0,0
BRDA:365,40,1,0
BRDA:366,41,0,0
BRDA:366,41,1,0
BRDA:366,42,0,0
BRDA:366,42,1,0
BRDA:389,43,0,0
BRDA:389,43,1,0
BRDA:389,44,0,0
BRDA:389,44,1,0
BRF:77
BRH:0
end_of_record
TN:
SF:public/js/recurrence.js
FN:12,(anonymous_0)
FN:20,init
FN:38,(anonymous_2)
FN:46,(anonymous_3)
FN:54,(anonymous_4)
FN:67,handleFrequencyChange
FN:103,handleEndConditionChange
FN:117,updatePreview
FN:140,(anonymous_8)
FN:151,generatePreviewDates
FN:169,(anonymous_10)
FN:209,getRecurrencePattern
FN:227,(anonymous_12)
FN:259,loadRecurrencePattern
FN:277,(anonymous_14)
FNF:15
FNH:0
FNDA:0,(anonymous_0)
FNDA:0,init
FNDA:0,(anonymous_2)
FNDA:0,(anonymous_3)
FNDA:0,(anonymous_4)
FNDA:0,handleFrequencyChange
FNDA:0,handleEndConditionChange
FNDA:0,updatePreview
FNDA:0,(anonymous_8)
FNDA:0,generatePreviewDates
FNDA:0,(anonymous_10)
FNDA:0,getRecurrencePattern
FNDA:0,(anonymous_12)
FNDA:0,loadRecurrencePattern
FNDA:0,(anonymous_14)
DA:12,0
DA:15,0
DA:21,0
DA:23,0
DA:26,0
DA:27,0
DA:28,0
DA:29,0
DA:30,0
DA:31,0
DA:32,0
DA:33,0
DA:34,0
DA:35,0
DA:38,0
DA:39,0
DA:43,0
DA:46,0
DA:47,0
DA:51,0
DA:54,0
DA:55,0
DA:58,0
DA:59,0
DA:61,0
DA:68,0
DA:69,0
DA:70,0
DA:71,0
DA:72,0
DA:74,0
DA:76,0
DA:77,0
DA:81,0
DA:84,0
DA:90,0
DA:93,0
DA:94,0
DA:97,0
DA:104,0
DA:105,0
DA:106,0
DA:108,0
DA:109,0
DA:111,0
DA:118,0
DA:120,0
DA:121,0
DA:123,0
DA:127,0
DA:128,0
DA:131,0
DA:133,0
DA:134,0
DA:136,0
DA:140,0
DA:141,0
DA:142,0
DA:145,0
DA:152,0
DA:153,0
DA:154,0
DA:155,0
DA:157,0
DA:158,0
DA:161,0
DA:162,0
DA:163,0
DA:165,0
DA:168,0
DA:169,0
DA:170,0
DA:171,0
DA:172,0
DA:174,0
DA:175,0
DA:179,0
DA:180,0
DA:181,0
DA:183,0
DA:184,0
DA:188,0
DA:191,0
DA:192,0
DA:193,0
DA:194,0
DA:195,0
DA:196,0
DA:197,0
DA:198,0
DA:202,0
DA:210,0
DA:212,0
DA:213,0
DA:216,0
DA:217,0
DA:219,0
DA:225,0
DA:226,0
DA:227,0
DA:228,0
DA:229,0
DA:233,0
DA:234,0
DA:235,0
DA:236,0
DA:241,0
DA:242,0
DA:243,0
DA:244,0
DA:246,0
DA:247,0
DA:248,0
DA:249,0
DA:253,0
DA:260,0
DA:263,0
DA:264,0
DA:265,0
DA:266,0
DA:270,0
DA:271,0
DA:275,0
DA:276,0
DA:277,0
DA:278,0
DA:279,0
DA:284,0
DA:285,0
DA:289,0
DA:290,0
DA:291,0
DA:292,0
DA:293,0
DA:294,0
DA:295,0
DA:296,0
DA:299,0
DA:303,0
DA:311,0
LF:140
LH:0
BRDA:21,0,0,0
BRDA:21,0,1,0
BRDA:74,1,0,0
BRDA:74,1,1,0
BRDA:90,2,0,0
BRDA:90,2,1,0
BRDA:93,3,0,0
BRDA:93,3,1,0
BRDA:94,4,0,0
BRDA:94,4,1,0
BRDA:108,5,0,0
BRDA:108,5,1,0
BRDA:109,6,0,0
BRDA:109,6,1,0
BRDA:120,7,0,0
BRDA:120,7,1,0
BRDA:128,8,0,0
BRDA:128,8,1,0
BRDA:133,9,0,0
BRDA:133,9,1,0
BRDA:157,10,0,0
BRDA:157,10,1,0
BRDA:161,11,0,0
BRDA:161,11,1,0
BRDA:163,12,0,0
BRDA:163,12,1,0
BRDA:165,13,0,0
BRDA:165,13,1,0
BRDA:165,14,0,0
BRDA:165,14,1,0
BRDA:168,15,0,0
BRDA:168,15,1,0
BRDA:168,16,0,0
BRDA:168,16,1,0
BRDA:171,17,0,0
BRDA:171,17,1,0
BRDA:179,18,0,0
BRDA:179,18,1,0
BRDA:179,19,0,0
BRDA:179,19,1,0
BRDA:180,20,0,0
BRDA:180,20,1,0
BRDA:191,21,0,0
BRDA:191,21,1,0
BRDA:193,22,0,0
BRDA:193,22,1,0
BRDA:195,23,0,0
BRDA:195,23,1,0
BRDA:197,24,0,0
BRDA:197,24,1,0
BRDA:212,25,0,0
BRDA:212,25,1,0
BRDA:212,26,0,0
BRDA:212,26,1,0
BRDA:216,27,0,0
BRDA:216,27,1,0
BRDA:217,28,0,0
BRDA:217,28,1,0
BRDA:225,29,0,0
BRDA:225,29,1,0
BRDA:228,30,0,0
BRDA:228,30,1,0
BRDA:233,31,0,0
BRDA:233,31,1,0
BRDA:235,32,0,0
BRDA:235,32,1,0
BRDA:235,33,0,0
BRDA:235,33,1,0
BRDA:241,34,0,0
BRDA:241,34,1,0
BRDA:243,35,0,0
BRDA:243,35,1,0
BRDA:246,36,0,0
BRDA:246,36,1,0
BRDA:248,37,0,0
BRDA:248,37,1,0
BRDA:260,38,0,0
BRDA:260,38,1,0
BRDA:264,39,0,0
BRDA:264,39,1,0
BRDA:270,40,0,0
BRDA:270,40,1,0
BRDA:275,41,0,0
BRDA:275,41,1,0
BRDA:279,42,0,0
BRDA:279,42,1,0
BRDA:284,43,0,0
BRDA:284,43,1,0
BRDA:289,44,0,0
BRDA:289,44,1,0
BRDA:293,45,0,0
BRDA:293,45,1,0
BRF:92
BRH:0
end_of_record
TN:
SF:public/js/storage.js
FN:6,(anonymous_0)
FN:18,loadConfig
FN:38,getDefaultConfig
FN:64,saveConfig
FN:71,getItem
FN:84,setItem
FN:97,removeItem
FN:110,clearAll
FN:112,(anonymous_8)
FN:125,getMockData
FN:137,saveMockData
FN:144,getDefaultMockData
FN:224,getSettings
FN:231,saveSettings
FNF:14
FNH:0
FNDA:0,(anonymous_0)
FNDA:0,loadConfig
FNDA:0,getDefaultConfig
FNDA:0,saveConfig
FNDA:0,getItem
FNDA:0,setItem
FNDA:0,removeItem
FNDA:0,clearAll
FNDA:0,(anonymous_8)
FNDA:0,getMockData
FNDA:0,saveMockData
FNDA:0,getDefaultMockData
FNDA:0,getSettings
FNDA:0,saveSettings
DA:6,0
DA:9,0
DA:19,0
DA:20,0
DA:21,0
DA:22,0
DA:23,0
DA:25,0
DA:27,0
DA:28,0
DA:30,0
DA:31,0
DA:39,0
DA:65,0
DA:72,0
DA:73,0
DA:74,0
DA:76,0
DA:77,0
DA:85,0
DA:86,0
DA:87,0
DA:89,0
DA:90,0
DA:98,0
DA:99,0
DA:100,0
DA:102,0
DA:103,0
DA:111,0
DA:112,0
DA:113,0
DA:115,0
DA:117,0
DA:118,0
DA:126,0
DA:127,0
DA:128,0
DA:131,0
DA:138,0
DA:145,0
DA:146,0
DA:147,0
DA:148,0
DA:149,0
DA:150,0
DA:152,0
DA:225,0
DA:232,0
DA:236,0
DA:252,0
LF:51
LH:0
BRDA:21,0,0,0
BRDA:21,0,1,0
BRDA:28,1,0,0
BRDA:28,1,1,0
BRDA:74,2,0,0
BRDA:74,2,1,0
BRDA:127,3,0,0
BRDA:127,3,1,0
BRDA:127,4,0,0
BRDA:127,4,1,0
BRDA:225,5,0,0
BRDA:225,5,1,0
BRF:12
BRH:0
end_of_record
TN:
SF:public/js/sync.js
FN:17,(anonymous_0)
FN:53,initSync
FN:91,cleanupSync
FN:104,getSyncStatus
FN:111,onSyncStatusChange
FN:117,(anonymous_5)
FN:118,(anonymous_6)
FN:125,setStatus
FN:131,(anonymous_8)
FN:140,updateConnectionStatus
FN:153,handleOnline
FN:166,handleOffline
FN:178,isAutoSyncEnabled
FN:185,enableAutoSync
FN:193,disableAutoSync
FN:201,startAutoSync
FN:206,(anonymous_16)
FN:213,(anonymous_17)
FN:223,stopAutoSync
FN:238,getClientId
FN:245,getLastSync
FN:252,setLastSync
FN:259,getChangeQueue
FN:272,setChangeQueue
FN:285,queueChange
FN:289,(anonymous_25)
FN:308,clearChangeQueue
FN:320,syncNow
FN:362,performSync
FN:430,(anonymous_29)
FNF:30
FNH:0
FNDA:0,(anonymous_0)
FNDA:0,initSync
FNDA:0,cleanupSync
FNDA:0,getSyncStatus
FNDA:0,onSyncStatusChange
FNDA:0,(anonymous_5)
FNDA:0,(anonymous_6)
FNDA:0,setStatus
FNDA:0,(anonymous_8)
FNDA:0,updateConnectionStatus
FNDA:0,handleOnline
FNDA:0,handleOffline
FNDA:0,isAutoSyncEnabled
FNDA:0,enableAutoSync
FNDA:0,disableAutoSync
FNDA:0,startAutoSync
FNDA:0,(anonymous_16)
FNDA:0,(anonymous_17)
FNDA:0,stopAutoSync
FNDA:0,getClientId
FNDA:0,getLastSync
FNDA:0,setLastSync
FNDA:0,getChangeQueue
FNDA:0,setChangeQueue
FNDA:0,queueChange
FNDA:0,(anonymous_25)
FNDA:0,clearChangeQueue
FNDA:0,syncNow
FNDA:0,performSync
FNDA:0,(anonymous_29)
DA:17,0
DA:24,0
DA:25,0
DA:26,0
DA:27,0
DA:39,0
DA:40,0
DA:41,0
DA:44,0
DA:55,0
DA:56,0
DA:60,0
DA:61,0
DA:65,0
DA:66,0
DA:70,0
DA:73,0
DA:74,0
DA:77,0
DA:78,0
DA:81,0
DA:92,0
DA:93,0
DA:94,0
DA:105,0
DA:112,0
DA:114,0
DA:117,0
DA:118,0
DA:126,0
DA:127,0
DA:128,0
DA:131,0
DA:133,0
DA:141,0
DA:142,0
DA:143,0
DA:146,0
DA:154,0
DA:155,0
DA:158,0
DA:159,0
DA:167,0
DA:168,0
DA:179,0
DA:186,0
DA:187,0
DA:194,0
DA:195,0
DA:202,0
DA:204,0
DA:206,0
DA:207,0
DA:208,0
DA:213,0
DA:214,0
DA:215,0
DA:224,0
DA:225,0
DA:226,0
DA:227,0
DA:239,0
DA:246,0
DA:253,0
DA:260,0
DA:261,0
DA:262,0
DA:264,0
DA:265,0
DA:274,0
DA:275,0
DA:276,0
DA:279,0
DA:286,0
DA:289,0
DA:292,0
DA:299,0
DA:300,0
DA:302,0
DA:309,0
DA:322,0
DA:323,0
DA:324,0
DA:328,0
DA:329,0
DA:330,0
DA:331,0
DA:335,0
DA:336,0
DA:338,0
DA:339,0
DA:340,0
DA:343,0
DA:345,0
DA:347,0
DA:348,0
DA:349,0
DA:351,0
DA:363,0
DA:364,0
DA:371,0
DA:378,0
DA:379,0
DA:381,0
DA:382,0
DA:385,0
DA:394,0
DA:395,0
DA:398,0
DA:400,0
DA:407,0
DA:408,0
DA:413,0
DA:416,0
DA:417,0
DA:419,0
DA:420,0
DA:424,0
DA:428,0
DA:429,0
DA:430,0
DA:431,0
DA:434,0
DA:442,0
DA:459,0
LF:125
LH:0
BRDA:55,0,0,0
BRDA:55,0,1,0
BRDA:60,1,0,0
BRDA:60,1,1,0
BRDA:65,2,0,0
BRDA:65,2,1,0
BRDA:77,3,0,0
BRDA:77,3,1,0
BRDA:126,4,0,0
BRDA:126,4,1,0
BRDA:141,5,0,0
BRDA:141,5,1,0
BRDA:142,6,0,0
BRDA:142,6,1,0
BRDA:158,7,0,0
BRDA:158,7,1,0
BRDA:202,8,0,0
BRDA:202,8,1,0
BRDA:207,9,0,0
BRDA:207,9,1,0
BRDA:207,10,0,0
BRDA:207,10,1,0
BRDA:214,11,0,0
BRDA:214,11,1,0
BRDA:214,12,0,0
BRDA:214,12,1,0
BRDA:224,13,0,0
BRDA:224,13,1,0
BRDA:262,14,0,0
BRDA:262,14,1,0
BRDA:274,15,0,0
BRDA:274,15,1,0
BRDA:285,16,0,0
BRDA:322,17,0,0
BRDA:322,17,1,0
BRDA:328,18,0,0
BRDA:328,18,1,0
BRDA:362,19,0,0
BRDA:381,20,0,0
BRDA:381,20,1,0
BRDA:394,21,0,0
BRDA:394,21,1,0
BRDA:407,22,0,0
BRDA:407,22,1,0
BRDA:416,23,0,0
BRDA:416,23,1,0
BRDA:419,24,0,0
BRDA:419,24,1,0
BRDA:419,25,0,0
BRDA:419,25,1,0
BRDA:428,26,0,0
BRDA:428,26,1,0
BRF:52
BRH:0
end_of_record
TN:
SF:public/js/voice-recorder.js
FN:12,(anonymous_0)
FN:31,(anonymous_1)
FN:40,(anonymous_2)
FN:60,(anonymous_3)
FN:89,(anonymous_4)
FN:96,(anonymous_5)
FN:101,(anonymous_6)
FN:123,(anonymous_7)
FN:135,(anonymous_8)
FN:145,(anonymous_9)
FN:177,(anonymous_10)
FN:192,(anonymous_11)
FNF:12
FNH:0
FNDA:0,(anonymous_0)
FNDA:0,(anonymous_1)
FNDA:0,(anonymous_2)
FNDA:0,(anonymous_3)
FNDA:0,(anonymous_4)
FNDA:0,(anonymous_5)
FNDA:0,(anonymous_6)
FNDA:0,(anonymous_7)
FNDA:0,(anonymous_8)
FNDA:0,(anonymous_9)
FNDA:0,(anonymous_10)
FNDA:0,(anonymous_11)
DA:13,0
DA:14,0
DA:15,0
DA:16,0
DA:17,0
DA:18,0
DA:19,0
DA:22,0
DA:23,0
DA:24,0
DA:25,0
DA:32,0
DA:41,0
DA:48,0
DA:49,0
DA:50,0
DA:54,0
DA:61,0
DA:63,0
DA:64,0
DA:68,0
DA:79,0
DA:82,0
DA:88,0
DA:89,0
DA:90,0
DA:91,0
DA:96,0
DA:97,0
DA:100,0
DA:101,0
DA:102,0
DA:106,0
DA:107,0
DA:108,0
DA:111,0
DA:112,0
DA:113,0
DA:117,0
DA:118,0
DA:123,0
DA:124,0
DA:125,0
DA:126,0
DA:131,0
DA:132,0
DA:135,0
DA:136,0
DA:140,0
DA:141,0
DA:145,0
DA:146,0
DA:147,0
DA:148,0
DA:154,0
DA:156,0
DA:157,0
DA:158,0
DA:159,0
DA:160,0
DA:161,0
DA:163,0
DA:166,0
DA:168,0
DA:169,0
DA:178,0
DA:179,0
DA:182,0
DA:183,0
DA:184,0
DA:193,0
DA:198,0
DA:199,0
DA:200,0
LF:74
LH:0
BRDA:12,0,0,0
BRDA:18,1,0,0
BRDA:18,1,1,0
BRDA:22,2,0,0
BRDA:22,2,1,0
BRDA:23,3,0,0
BRDA:23,3,1,0
BRDA:24,4,0,0
BRDA:24,4,1,0
BRDA:25,5,0,0
BRDA:25,5,1,0
BRDA:32,6,0,0
BRDA:32,6,1,0
BRDA:32,6,2,0
BRDA:49,7,0,0
BRDA:49,7,1,0
BRDA:63,8,0,0
BRDA:63,8,1,0
BRDA:90,9,0,0
BRDA:90,9,1,0
BRDA:100,10,0,0
BRDA:100,10,1,0
BRDA:106,11,0,0
BRDA:106,11,1,0
BRDA:111,12,0,0
BRDA:111,12,1,0
BRDA:117,13,0,0
BRDA:117,13,1,0
BRDA:125,14,0,0
BRDA:125,14,1,0
BRDA:140,15,0,0
BRDA:140,15,1,0
BRDA:146,16,0,0
BRDA:146,16,1,0
BRDA:146,17,0,0
BRDA:146,17,1,0
BRDA:156,18,0,0
BRDA:156,18,1,0
BRDA:158,19,0,0
BRDA:158,19,1,0
BRDA:160,20,0,0
BRDA:160,20,1,0
BRDA:168,21,0,0
BRDA:168,21,1,0
BRDA:178,22,0,0
BRDA:178,22,1,0
BRDA:178,23,0,0
BRDA:178,23,1,0
BRDA:182,24,0,0
BRDA:182,24,1,0
BRDA:193,25,0,0
BRDA:193,25,1,0
BRDA:199,26,0,0
BRDA:199,26,1,0
BRDA:199,27,0,0
BRDA:199,27,1,0
BRF:56
BRH:0
end_of_record
